<?xml version="1.0" encoding="UTF-8"?>
<Site BuildName="Linux-c++"
	BuildStamp="20190110-1339-Experimental"
	Name="5f330afc00f6"
	Generator="ctest-3.13.2"
	CompilerName="/usr/bin/c++"
	CompilerVersion="8.2.0"
	OSName="Linux"
	Hostname="5b4962022198"
	OSRelease="3.10.0-693.17.1.el7.x86_64"
	OSVersion="#1 SMP Thu Jan 25 20:13:58 UTC 2018"
	OSPlatform="x86_64"
	Is64Bits="1"
	VendorString="GenuineIntel"
	VendorID="Intel Corporation"
	FamilyID="6"
	ModelID="58"
	ProcessorCacheSize="4096"
	NumberOfLogicalCPU="4"
	NumberOfPhysicalCPU="4"
	TotalVirtualMemory="1023"
	TotalPhysicalMemory="7983"
	LogicalProcessorsPerPhysical="1"
	ProcessorClockFrequency="2593.75"
	>
	<Testing>
		<StartDateTime>Jan 10 14:51 UTC</StartDateTime>
		<StartTestTime>1547131883</StartTestTime>
		<TestList>
			<Test>./test/test_common/test_grid</Test>
			<Test>./test/test_common/test_common_gtest</Test>
			<Test>./test/test_static_memory/test_static_memory</Test>
			<Test>./test/test_fe_engine/test_mesh_data_string</Test>
			<Test>./test/test_fe_engine/test_mesh_data_UInt</Test>
			<Test>./test/test_fe_engine/test_mesh_boundary</Test>
			<Test>./test/test_fe_engine/test_facet_element_mapping</Test>
			<Test>./test/test_fe_engine/test_fe_engine_gtest</Test>
			<Test>./test/test_mesh_utils/test_purify_mesh</Test>
			<Test>./test/test_mesh_utils/test_mesh_iterators</Test>
			<Test>./test/test_mesh_utils/test_mesh_io/test_mesh_io_msh</Test>
			<Test>./test/test_mesh_utils/test_mesh_io/test_mesh_io_msh_physical_names</Test>
			<Test>./test/test_mesh_utils/test_pbc_tweak/test_pbc_tweak</Test>
			<Test>./test/test_mesh_utils/test_buildfacets/test_buildfacets_triangle_3</Test>
			<Test>./test/test_mesh_utils/test_buildfacets/test_buildfacets_triangle_6</Test>
			<Test>./test/test_mesh_utils/test_buildfacets/test_buildfacets_quadrangle_4</Test>
			<Test>./test/test_mesh_utils/test_buildfacets/test_buildfacets_quadrangle_8</Test>
			<Test>./test/test_mesh_utils/test_buildfacets/test_buildfacets_mixed2d_linear</Test>
			<Test>./test/test_mesh_utils/test_buildfacets/test_buildfacets_mixed2d_quadratic</Test>
			<Test>./test/test_mesh_utils/test_buildfacets/test_buildfacets_tetrahedron_10</Test>
			<Test>./test/test_mesh_utils/test_buildfacets/test_buildfacets_hexahedron_8</Test>
			<Test>./test/test_mesh_utils/test_buildfacets/test_buildfacets_hexahedron_20</Test>
			<Test>./test/test_mesh_utils/test_buildfacets/test_buildfacets_pentahedron_6</Test>
			<Test>./test/test_mesh_utils/test_buildfacets/test_buildfacets_pentahedron_15</Test>
			<Test>./test/test_mesh_utils/test_buildfacets/test_buildfacets_mixed3d_linear</Test>
			<Test>./test/test_mesh_utils/test_buildfacets/test_buildfacets_mixed3d_quadratic</Test>
			<Test>./test/test_mesh_utils/test_mesh_partitionate/test_mesh_partitionate_scotch</Test>
			<Test>./test/test_mesh_utils/test_mesh_partitionate/test_mesh_partitionate_mesh_data</Test>
			<Test>./test/test_model/patch_tests/patch_test_linear_gtest</Test>
			<Test>./test/test_model/patch_tests/test_linear_elastic_explicit_python</Test>
			<Test>./test/test_model/patch_tests/test_linear_elastic_static_python</Test>
			<Test>./test/test_model/test_model_solver/test_dof_manager_default</Test>
			<Test>./test/test_model/test_model_solver/test_model_solver</Test>
			<Test>./test/test_model/test_model_solver/test_model_solver_dynamic_explicit</Test>
			<Test>./test/test_model/test_model_solver/test_model_solver_dynamic_implicit</Test>
			<Test>./test/test_model/test_solid_mechanics_model/test_solid_mechanics_model_reassign_material_4</Test>
			<Test>./test/test_model/test_solid_mechanics_model/test_solid_mechanics_model_reassign_material_2</Test>
			<Test>./test/test_model/test_solid_mechanics_model/test_solid_mechanics_model_reassign_material_1</Test>
			<Test>./test/test_model/test_solid_mechanics_model/test_solid_mechanics_model_material_eigenstrain</Test>
			<Test>./test/test_model/test_solid_mechanics_model/test_material_selector</Test>
			<Test>./test/test_model/test_solid_mechanics_model/test_solid_mechanics_model_gtest_4</Test>
			<Test>./test/test_model/test_solid_mechanics_model/test_solid_mechanics_model_gtest_2</Test>
			<Test>./test/test_model/test_solid_mechanics_model/test_solid_mechanics_model_gtest_1</Test>
			<Test>./test/test_model/test_solid_mechanics_model/test_materials/test_local_material</Test>
			<Test>./test/test_model/test_solid_mechanics_model/test_materials/test_interpolate_stress</Test>
			<Test>./test/test_model/test_solid_mechanics_model/test_materials/test_material_orthotropic</Test>
			<Test>./test/test_model/test_solid_mechanics_model/test_materials/test_material_mazars</Test>
			<Test>./test/test_model/test_solid_mechanics_model/test_materials/test_multi_material_elastic</Test>
			<Test>./test/test_model/test_solid_mechanics_model/test_materials/test_material_gtest</Test>
			<Test>./test/test_model/test_solid_mechanics_model/test_materials/test_material_viscoelastic/test_material_standard_linear_solid_deviatoric_relaxation</Test>
			<Test>./test/test_model/test_solid_mechanics_model/test_materials/test_material_viscoelastic/test_material_standard_linear_solid_deviatoric_relaxation_tension</Test>
			<Test>./test/test_model/test_solid_mechanics_model/test_materials/test_material_elasto_plastic_linear_isotropic_hardening/test_material_standard_linear_isotropic_hardening</Test>
			<Test>./test/test_model/test_solid_mechanics_model/test_materials/test_material_viscoelastic_maxwell/test_material_viscoelasti_maxwell_relaxation</Test>
			<Test>./test/test_model/test_solid_mechanics_model/test_cohesive/test_solid_mechanics_model_cohesive_gtest_1</Test>
			<Test>./test/test_model/test_solid_mechanics_model/test_cohesive/test_solid_mechanics_model_cohesive_gtest_2</Test>
			<Test>./test/test_model/test_solid_mechanics_model/test_cohesive/test_materials/test_material_cohesive_gtest</Test>
			<Test>./test/test_model/test_solid_mechanics_model/test_cohesive/test_cohesive_buildfragments/test_cohesive_buildfragments</Test>
			<Test>./test/test_model/test_solid_mechanics_model/test_cohesive/test_cohesive_insertion/test_cohesive_insertion_along_physical_surfaces</Test>
			<Test>./test/test_model/test_solid_mechanics_model/test_energies/test_solid_mechanics_model_energies_gtest_1</Test>
			<Test>./test/test_model/test_solid_mechanics_model/test_energies/test_solid_mechanics_model_energies_gtest_2</Test>
			<Test>./test/test_solver/test_sparse_matrix_profile</Test>
			<Test>./test/test_solver/test_sparse_matrix_assemble</Test>
			<Test>./test/test_solver/test_sparse_matrix_product</Test>
			<Test>./test/test_solver/test_sparse_solver_mumps_4</Test>
			<Test>./test/test_solver/test_sparse_solver_mumps_2</Test>
			<Test>./test/test_solver/test_sparse_solver_mumps_1</Test>
			<Test>./test/test_io/test_parser/test_parser</Test>
			<Test>./test/test_io/test_dumper/test_dumper</Test>
			<Test>./test/test_synchronizer/test_dof_synchronizer_4</Test>
			<Test>./test/test_synchronizer/test_dof_synchronizer_2</Test>
			<Test>./test/test_synchronizer/test_dof_synchronizer_1</Test>
			<Test>./test/test_synchronizer/test_synchronizers_gtest_4</Test>
			<Test>./test/test_synchronizer/test_synchronizers_gtest_2</Test>
			<Test>./test/test_synchronizer/test_synchronizers_gtest_1</Test>
			<Test>./test/test_python_interface/test_multiple_init</Test>
			<Test>./test/test_python_interface/test_mesh_interface</Test>
			<Test>./test/test_python_interface/test_boundary_condition_functors</Test>
		</TestList>
		<Test Status="passed">
			<Name>test_grid</Name>
			<Path>./test/test_common</Path>
			<FullName>./test/test_common/test_grid</FullName>
			<FullCommandLine>/home/jenkins/workspace/akantu-private-master-5327/cmake/akantu_test_driver.sh "-n" "test_grid" "-e" "./test_grid" "-E" "/home/jenkins/workspace/akantu-private-master-5327/build/akantu_environement.sh" "-w" "/home/jenkins/workspace/akantu-private-master-5327/build/test/test_common"</FullCommandLine>
			<Results>
				<NamedMeasurement type="numeric/double" name="Execution Time">
					<Value>0.811359</Value>
				</NamedMeasurement>
				<NamedMeasurement type="numeric/double" name="Processors">
					<Value>1</Value>
				</NamedMeasurement>
				<NamedMeasurement type="text/string" name="Completion Status">
					<Value>Completed</Value>
				</NamedMeasurement>
				<NamedMeasurement type="text/string" name="Command Line">
					<Value>/home/jenkins/workspace/akantu-private-master-5327/cmake/akantu_test_driver.sh "-n" "test_grid" "-e" "./test_grid" "-E" "/home/jenkins/workspace/akantu-private-master-5327/build/akantu_environement.sh" "-w" "/home/jenkins/workspace/akantu-private-master-5327/build/test/test_common"</Value>
				</NamedMeasurement>
				<Measurement>
					<Value>Entering directory /home/jenkins/workspace/akantu-private-master-5327/build/test/test_common
Executing the test test_grid
Run ./test_grid 
SpatialGrid&lt;akantu::Element&gt; [
 + dimension    : 2
 + lower bounds : {-1, -1}
 + upper bounds : {1, 1}
 + spacing : {0.2, 0.2}
 + center : {0, 0}
 + nb_cells     : 88/100
]

</Value>
				</Measurement>
			</Results>
		</Test>
		<Test Status="passed">
			<Name>test_common_gtest</Name>
			<Path>./test/test_common</Path>
			<FullName>./test/test_common/test_common_gtest</FullName>
			<FullCommandLine>/home/jenkins/workspace/akantu-private-master-5327/cmake/akantu_test_driver.sh "-n" "test_common_gtest" "-e" "./test_common_gtest" "-E" "/home/jenkins/workspace/akantu-private-master-5327/build/akantu_environement.sh" "-w" "/home/jenkins/workspace/akantu-private-master-5327/build/test/test_common" "--" "--gtest_output=xml:/home/jenkins/workspace/akantu-private-master-5327/build/gtest_reports/test_common_gtest.xml"</FullCommandLine>
			<Results>
				<NamedMeasurement type="numeric/double" name="Execution Time">
					<Value>0.930595</Value>
				</NamedMeasurement>
				<NamedMeasurement type="numeric/double" name="Processors">
					<Value>1</Value>
				</NamedMeasurement>
				<NamedMeasurement type="text/string" name="Completion Status">
					<Value>Completed</Value>
				</NamedMeasurement>
				<NamedMeasurement type="text/string" name="Command Line">
					<Value>/home/jenkins/workspace/akantu-private-master-5327/cmake/akantu_test_driver.sh "-n" "test_common_gtest" "-e" "./test_common_gtest" "-E" "/home/jenkins/workspace/akantu-private-master-5327/build/akantu_environement.sh" "-w" "/home/jenkins/workspace/akantu-private-master-5327/build/test/test_common" "--" "--gtest_output=xml:/home/jenkins/workspace/akantu-private-master-5327/build/gtest_reports/test_common_gtest.xml"</Value>
				</NamedMeasurement>
				<Measurement>
					<Value>Entering directory /home/jenkins/workspace/akantu-private-master-5327/build/test/test_common
Executing the test test_common_gtest
Run ./test_common_gtest --gtest_output=xml:/home/jenkins/workspace/akantu-private-master-5327/build/gtest_reports/test_common_gtest.xml
[==========] Running 109 tests from 12 test cases.
[----------] Global test environment set-up.
[----------] 3 tests from TestCsrFixture
[ RUN      ] TestCsrFixture.CheckInsertion
[       OK ] TestCsrFixture.CheckInsertion (20 ms)
[ RUN      ] TestCsrFixture.Iteration
[       OK ] TestCsrFixture.Iteration (57 ms)
[ RUN      ] TestCsrFixture.ReverseIteration
[       OK ] TestCsrFixture.ReverseIteration (59 ms)
[----------] 3 tests from TestCsrFixture (136 ms total)

[----------] 4 tests from TestZipFixutre
[ RUN      ] TestZipFixutre.SimpleTest
[       OK ] TestZipFixutre.SimpleTest (0 ms)
[ RUN      ] TestZipFixutre.ConstTest
[       OK ] TestZipFixutre.ConstTest (0 ms)
[ RUN      ] TestZipFixutre.MixteTest
[       OK ] TestZipFixutre.MixteTest (0 ...
The rest of the test output was removed since it exceeds the threshold of 1024 bytes.
</Value>
				</Measurement>
			</Results>
		</Test>
		<Test Status="passed">
			<Name>test_static_memory</Name>
			<Path>./test/test_static_memory</Path>
			<FullName>./test/test_static_memory/test_static_memory</FullName>
			<FullCommandLine>/home/jenkins/workspace/akantu-private-master-5327/cmake/akantu_test_driver.sh "-n" "test_static_memory" "-e" "./test_static_memory" "-E" "/home/jenkins/workspace/akantu-private-master-5327/build/akantu_environement.sh" "-w" "/home/jenkins/workspace/akantu-private-master-5327/build/test/test_static_memory"</FullCommandLine>
			<Results>
				<NamedMeasurement type="numeric/double" name="Execution Time">
					<Value>0.783542</Value>
				</NamedMeasurement>
				<NamedMeasurement type="numeric/double" name="Processors">
					<Value>1</Value>
				</NamedMeasurement>
				<NamedMeasurement type="text/string" name="Completion Status">
					<Value>Completed</Value>
				</NamedMeasurement>
				<NamedMeasurement type="text/string" name="Command Line">
					<Value>/home/jenkins/workspace/akantu-private-master-5327/cmake/akantu_test_driver.sh "-n" "test_static_memory" "-e" "./test_static_memory" "-E" "/home/jenkins/workspace/akantu-private-master-5327/build/akantu_environement.sh" "-w" "/home/jenkins/workspace/akantu-private-master-5327/build/test/test_static_memory"</Value>
				</NamedMeasurement>
				<Measurement>
					<Value>Entering directory /home/jenkins/workspace/akantu-private-master-5327/build/test/test_static_memory
Executing the test test_static_memory
Run ./test_static_memory 
StaticMemory [
 + nb memories : 1
 Memory [
  + memory id   : 0
  + nb vectors  : 1
  Array&lt;int&gt; [
   + id             : test_int
   + size           : 2000
   + nb_component   : 3
   + allocated size : 3000
   + memory size    : 140.62KiByte
   + address        : 0x561339005cb0
  ]
  + total size  : 35.16KiByte
 ]
 + total size  : 35.16KiByte
]

</Value>
				</Measurement>
			</Results>
		</Test>
		<Test Status="passed">
			<Name>test_mesh_data_string</Name>
			<Path>./test/test_fe_engine</Path>
			<FullName>./test/test_fe_engine/test_mesh_data_string</FullName>
			<FullCommandLine>/home/jenkins/workspace/akantu-private-master-5327/cmake/akantu_test_driver.sh "-n" "test_mesh_data_string" "-e" "./test_mesh_data_string" "-E" "/home/jenkins/workspace/akantu-private-master-5327/build/akantu_environement.sh" "-w" "/home/jenkins/workspace/akantu-private-master-5327/build/test/test_fe_engine"</FullCommandLine>
			<Results>
				<NamedMeasurement type="numeric/double" name="Execution Time">
					<Value>0.0308513</Value>
				</NamedMeasurement>
				<NamedMeasurement type="numeric/double" name="Processors">
					<Value>1</Value>
				</NamedMeasurement>
				<NamedMeasurement type="text/string" name="Completion Status">
					<Value>Completed</Value>
				</NamedMeasurement>
				<NamedMeasurement type="text/string" name="Command Line">
					<Value>/home/jenkins/workspace/akantu-private-master-5327/cmake/akantu_test_driver.sh "-n" "test_mesh_data_string" "-e" "./test_mesh_data_string" "-E" "/home/jenkins/workspace/akantu-private-master-5327/build/akantu_environement.sh" "-w" "/home/jenkins/workspace/akantu-private-master-5327/build/test/test_fe_engine"</Value>
				</NamedMeasurement>
				<Measurement>
					<Value>Entering directory /home/jenkins/workspace/akantu-private-master-5327/build/test/test_fe_engine
Executing the test test_mesh_data_string
Run ./test_mesh_data_string 
Testing with type string and values "5","10"...
Array&lt;std::__cxx11::basic_string&lt;char, std::char_traits&lt;char&gt;, std::allocator&lt;char&gt; &gt;&gt; [
 + id             : :mesh_data:string_data:_triangle_6
 + size           : 2
 + nb_component   : 1
 + allocated size : 2
 + memory size    : 2.00KiByte
 + address        : 0x557b52e98de0
]

4
</Value>
				</Measurement>
			</Results>
		</Test>
		<Test Status="passed">
			<Name>test_mesh_data_UInt</Name>
			<Path>./test/test_fe_engine</Path>
			<FullName>./test/test_fe_engine/test_mesh_data_UInt</FullName>
			<FullCommandLine>/home/jenkins/workspace/akantu-private-master-5327/cmake/akantu_test_driver.sh "-n" "test_mesh_data_UInt" "-e" "./test_mesh_data_UInt" "-E" "/home/jenkins/workspace/akantu-private-master-5327/build/akantu_environement.sh" "-w" "/home/jenkins/workspace/akantu-private-master-5327/build/test/test_fe_engine"</FullCommandLine>
			<Results>
				<NamedMeasurement type="numeric/double" name="Execution Time">
					<Value>0.0295062</Value>
				</NamedMeasurement>
				<NamedMeasurement type="numeric/double" name="Processors">
					<Value>1</Value>
				</NamedMeasurement>
				<NamedMeasurement type="text/string" name="Completion Status">
					<Value>Completed</Value>
				</NamedMeasurement>
				<NamedMeasurement type="text/string" name="Command Line">
					<Value>/home/jenkins/workspace/akantu-private-master-5327/cmake/akantu_test_driver.sh "-n" "test_mesh_data_UInt" "-e" "./test_mesh_data_UInt" "-E" "/home/jenkins/workspace/akantu-private-master-5327/build/akantu_environement.sh" "-w" "/home/jenkins/workspace/akantu-private-master-5327/build/test/test_fe_engine"</Value>
				</NamedMeasurement>
				<Measurement>
					<Value>Entering directory /home/jenkins/workspace/akantu-private-master-5327/build/test/test_fe_engine
Executing the test test_mesh_data_UInt
Run ./test_mesh_data_UInt 
Testing with type UInt and values 5,10...
Array&lt;unsigned int&gt; [
 + id             : :mesh_data:UInt_data:_triangle_6
 + size           : 2
 + nb_component   : 1
 + allocated size : 2000
 + memory size    : 31.25KiByte
 + address        : 0x55d00fbbbda0
]

1
</Value>
				</Measurement>
			</Results>
		</Test>
		<Test Status="passed">
			<Name>test_mesh_boundary</Name>
			<Path>./test/test_fe_engine</Path>
			<FullName>./test/test_fe_engine/test_mesh_boundary</FullName>
			<FullCommandLine>/home/jenkins/workspace/akantu-private-master-5327/cmake/akantu_test_driver.sh "-n" "test_mesh_boundary" "-e" "./test_mesh_boundary" "-E" "/home/jenkins/workspace/akantu-private-master-5327/build/akantu_environement.sh" "-w" "/home/jenkins/workspace/akantu-private-master-5327/build/test/test_fe_engine"</FullCommandLine>
			<Results>
				<NamedMeasurement type="numeric/double" name="Execution Time">
					<Value>0.79937</Value>
				</NamedMeasurement>
				<NamedMeasurement type="numeric/double" name="Processors">
					<Value>1</Value>
				</NamedMeasurement>
				<NamedMeasurement type="text/string" name="Completion Status">
					<Value>Completed</Value>
				</NamedMeasurement>
				<NamedMeasurement type="text/string" name="Command Line">
					<Value>/home/jenkins/workspace/akantu-private-master-5327/cmake/akantu_test_driver.sh "-n" "test_mesh_boundary" "-e" "./test_mesh_boundary" "-E" "/home/jenkins/workspace/akantu-private-master-5327/build/akantu_environement.sh" "-w" "/home/jenkins/workspace/akantu-private-master-5327/build/test/test_fe_engine"</Value>
				</NamedMeasurement>
				<Measurement>
					<Value>Entering directory /home/jenkins/workspace/akantu-private-master-5327/build/test/test_fe_engine
Executing the test test_mesh_boundary
Run ./test_mesh_boundary 
Loading the mesh.
Examining mesh:
Mesh [
 + id                : mesh_names
 + spatial dimension : 3
 + nodes [
  Array&lt;double&gt; [
   + id             : mesh_names:coordinates
   + size           : 125
   + nb_component   : 3
   + allocated size : 2000
   + memory size    : 375.00KiByte
   + address        : 0x56398f784460
  ]
 + connectivities [
  ElementTypeMapArray&lt;unsigned int&gt; [
    (not_ghost:_quadrangle_4) [
     Array&lt;unsigned int&gt; [
      + id             : mesh_names:connectivities:_quadrangle_4
      + size           : 96
      + nb_component   : 4
      + allocated size : 2000
      + memory size    : 125.00KiByte
      + address        : 0x56398f790d30
     ]
     ]
    (not_ghost:_hexahedron_8) [
     Array&lt;unsigned int&gt; [
      + id             : mesh_names:connectivities:_hexahedron_8
      + size           : 64
      + nb_component   : 8...
The rest of the test output was removed since it exceeds the threshold of 1024 bytes.
</Value>
				</Measurement>
			</Results>
		</Test>
		<Test Status="passed">
			<Name>test_facet_element_mapping</Name>
			<Path>./test/test_fe_engine</Path>
			<FullName>./test/test_fe_engine/test_facet_element_mapping</FullName>
			<FullCommandLine>/home/jenkins/workspace/akantu-private-master-5327/cmake/akantu_test_driver.sh "-n" "test_facet_element_mapping" "-e" "./test_facet_element_mapping" "-E" "/home/jenkins/workspace/akantu-private-master-5327/build/akantu_environement.sh" "-w" "/home/jenkins/workspace/akantu-private-master-5327/build/test/test_fe_engine"</FullCommandLine>
			<Results>
				<NamedMeasurement type="numeric/double" name="Execution Time">
					<Value>0.797762</Value>
				</NamedMeasurement>
				<NamedMeasurement type="numeric/double" name="Processors">
					<Value>1</Value>
				</NamedMeasurement>
				<NamedMeasurement type="text/string" name="Completion Status">
					<Value>Completed</Value>
				</NamedMeasurement>
				<NamedMeasurement type="text/string" name="Command Line">
					<Value>/home/jenkins/workspace/akantu-private-master-5327/cmake/akantu_test_driver.sh "-n" "test_facet_element_mapping" "-e" "./test_facet_element_mapping" "-E" "/home/jenkins/workspace/akantu-private-master-5327/build/akantu_environement.sh" "-w" "/home/jenkins/workspace/akantu-private-master-5327/build/test/test_fe_engine"</Value>
				</NamedMeasurement>
				<Measurement>
					<Value>Entering directory /home/jenkins/workspace/akantu-private-master-5327/build/test/test_fe_engine
Executing the test test_facet_element_mapping
Run ./test_facet_element_mapping 
ELEMENT-SUBELEMENT MAPPING:
  Ghost type: not_ghost
    Element type: _hexahedron_8
      subelement_to_element:
        Array&lt;akantu::Element&gt; [
         + id             : my_mesh:mesh_data:subelement_to_element:_hexahedron_8
         + size           : 64
         + nb_component   : 6
         + allocated size : 64
         + memory size    : 54.00KiByte
         + address        : 0x55c7edbeba80
        ]
        Element [_quadrangle_4, 0, not_ghost], Element [_quadrangle_4, 35, not_ghost], Element [_quadrangle_4, 51, not_ghost], ElementNull, ElementNull, ElementNull, for element 0
        Element [_quadrangle_4, 34, not_ghost], Element [_quadrangle_4, 55, not_ghost], ElementNull, ElementNull, ElementNull, ElementNull, for element 1
        Element [_quadrangle_4, 33, not_ghost], Element [_quadrangle_4, 59, not_ghost], ElementNull, ...
The rest of the test output was removed since it exceeds the threshold of 1024 bytes.
</Value>
				</Measurement>
			</Results>
		</Test>
		<Test Status="passed">
			<Name>test_fe_engine_gtest</Name>
			<Path>./test/test_fe_engine</Path>
			<FullName>./test/test_fe_engine/test_fe_engine_gtest</FullName>
			<FullCommandLine>/home/jenkins/workspace/akantu-private-master-5327/cmake/akantu_test_driver.sh "-n" "test_fe_engine_gtest" "-e" "./test_fe_engine_gtest" "-E" "/home/jenkins/workspace/akantu-private-master-5327/build/akantu_environement.sh" "-w" "/home/jenkins/workspace/akantu-private-master-5327/build/test/test_fe_engine" "--" "--gtest_output=xml:/home/jenkins/workspace/akantu-private-master-5327/build/gtest_reports/test_fe_engine_gtest.xml"</FullCommandLine>
			<Results>
				<NamedMeasurement type="numeric/double" name="Execution Time">
					<Value>3.12487</Value>
				</NamedMeasurement>
				<NamedMeasurement type="numeric/double" name="Processors">
					<Value>1</Value>
				</NamedMeasurement>
				<NamedMeasurement type="text/string" name="Completion Status">
					<Value>Completed</Value>
				</NamedMeasurement>
				<NamedMeasurement type="text/string" name="Command Line">
					<Value>/home/jenkins/workspace/akantu-private-master-5327/cmake/akantu_test_driver.sh "-n" "test_fe_engine_gtest" "-e" "./test_fe_engine_gtest" "-E" "/home/jenkins/workspace/akantu-private-master-5327/build/akantu_environement.sh" "-w" "/home/jenkins/workspace/akantu-private-master-5327/build/test/test_fe_engine" "--" "--gtest_output=xml:/home/jenkins/workspace/akantu-private-master-5327/build/gtest_reports/test_fe_engine_gtest.xml"</Value>
				</NamedMeasurement>
				<Measurement>
					<Value>Entering directory /home/jenkins/workspace/akantu-private-master-5327/build/test/test_fe_engine
Executing the test test_fe_engine_gtest
Run ./test_fe_engine_gtest --gtest_output=xml:/home/jenkins/workspace/akantu-private-master-5327/build/gtest_reports/test_fe_engine_gtest.xml
[==========] Running 120 tests from 84 test cases.
[----------] Global test environment set-up.
[----------] 1 test from Split1/TestGaussIntegrationFixture/0, where TypeParam = std::tuple&lt;std::integral_constant&lt;akantu::ElementType, (akantu::ElementType)9&gt;, std::integral_constant&lt;unsigned long, 0ul&gt; &gt;
[ RUN      ] Split1/TestGaussIntegrationFixture/0.ArbitraryOrder
[       OK ] Split1/TestGaussIntegrationFixture/0.ArbitraryOrder (5 ms)
[----------] 1 test from Split1/TestGaussIntegrationFixture/0 (5 ms total)

[----------] 1 test from Split1/TestGaussIntegrationFixture/1, where TypeParam = std::tuple&lt;std::integral_constant&lt;akantu::ElementType, (akantu::ElementType)9&gt;, std::integral_constant&lt;unsigned long, 1ul&gt; &gt;
[ RUN      ] Split1/TestG...
The rest of the test output was removed since it exceeds the threshold of 1024 bytes.
</Value>
				</Measurement>
			</Results>
		</Test>
		<Test Status="passed">
			<Name>test_purify_mesh</Name>
			<Path>./test/test_mesh_utils</Path>
			<FullName>./test/test_mesh_utils/test_purify_mesh</FullName>
			<FullCommandLine>/home/jenkins/workspace/akantu-private-master-5327/cmake/akantu_test_driver.sh "-n" "test_purify_mesh" "-e" "./test_purify_mesh" "-E" "/home/jenkins/workspace/akantu-private-master-5327/build/akantu_environement.sh" "-w" "/home/jenkins/workspace/akantu-private-master-5327/build/test/test_mesh_utils"</FullCommandLine>
			<Results>
				<NamedMeasurement type="numeric/double" name="Execution Time">
					<Value>0.788076</Value>
				</NamedMeasurement>
				<NamedMeasurement type="numeric/double" name="Processors">
					<Value>1</Value>
				</NamedMeasurement>
				<NamedMeasurement type="text/string" name="Completion Status">
					<Value>Completed</Value>
				</NamedMeasurement>
				<NamedMeasurement type="text/string" name="Command Line">
					<Value>/home/jenkins/workspace/akantu-private-master-5327/cmake/akantu_test_driver.sh "-n" "test_purify_mesh" "-e" "./test_purify_mesh" "-E" "/home/jenkins/workspace/akantu-private-master-5327/build/akantu_environement.sh" "-w" "/home/jenkins/workspace/akantu-private-master-5327/build/test/test_mesh_utils"</Value>
				</NamedMeasurement>
				<Measurement>
					<Value>Entering directory /home/jenkins/workspace/akantu-private-master-5327/build/test/test_mesh_utils
Executing the test test_purify_mesh
Run ./test_purify_mesh 
</Value>
				</Measurement>
			</Results>
		</Test>
		<Test Status="passed">
			<Name>test_mesh_iterators</Name>
			<Path>./test/test_mesh_utils</Path>
			<FullName>./test/test_mesh_utils/test_mesh_iterators</FullName>
			<FullCommandLine>/home/jenkins/workspace/akantu-private-master-5327/cmake/akantu_test_driver.sh "-n" "test_mesh_iterators" "-e" "./test_mesh_iterators" "-E" "/home/jenkins/workspace/akantu-private-master-5327/build/akantu_environement.sh" "-w" "/home/jenkins/workspace/akantu-private-master-5327/build/test/test_mesh_utils"</FullCommandLine>
			<Results>
				<NamedMeasurement type="numeric/double" name="Execution Time">
					<Value>0.796961</Value>
				</NamedMeasurement>
				<NamedMeasurement type="numeric/double" name="Processors">
					<Value>1</Value>
				</NamedMeasurement>
				<NamedMeasurement type="text/string" name="Completion Status">
					<Value>Completed</Value>
				</NamedMeasurement>
				<NamedMeasurement type="text/string" name="Command Line">
					<Value>/home/jenkins/workspace/akantu-private-master-5327/cmake/akantu_test_driver.sh "-n" "test_mesh_iterators" "-e" "./test_mesh_iterators" "-E" "/home/jenkins/workspace/akantu-private-master-5327/build/akantu_environement.sh" "-w" "/home/jenkins/workspace/akantu-private-master-5327/build/test/test_mesh_utils"</Value>
				</NamedMeasurement>
				<Measurement>
					<Value>Entering directory /home/jenkins/workspace/akantu-private-master-5327/build/test/test_mesh_utils
Executing the test test_mesh_iterators
Run ./test_mesh_iterators 
extruded_surfaces
initial_surfaces
lines
points
v1
v2
extruded_surfaces_nodes
initial_surfaces_nodes
lines_nodes
points_nodes
v1_nodes
v2_nodes
0 extruded_surfaces
1 initial_surfaces
2 lines
3 points
4 v1
5 v2
</Value>
				</Measurement>
			</Results>
		</Test>
		<Test Status="passed">
			<Name>test_mesh_io_msh</Name>
			<Path>./test/test_mesh_utils/test_mesh_io</Path>
			<FullName>./test/test_mesh_utils/test_mesh_io/test_mesh_io_msh</FullName>
			<FullCommandLine>/home/jenkins/workspace/akantu-private-master-5327/cmake/akantu_test_driver.sh "-n" "test_mesh_io_msh" "-e" "./test_mesh_io_msh" "-E" "/home/jenkins/workspace/akantu-private-master-5327/build/akantu_environement.sh" "-w" "/home/jenkins/workspace/akantu-private-master-5327/build/test/test_mesh_utils/test_mesh_io"</FullCommandLine>
			<Results>
				<NamedMeasurement type="numeric/double" name="Execution Time">
					<Value>1.24573</Value>
				</NamedMeasurement>
				<NamedMeasurement type="numeric/double" name="Processors">
					<Value>1</Value>
				</NamedMeasurement>
				<NamedMeasurement type="text/string" name="Completion Status">
					<Value>Completed</Value>
				</NamedMeasurement>
				<NamedMeasurement type="text/string" name="Command Line">
					<Value>/home/jenkins/workspace/akantu-private-master-5327/cmake/akantu_test_driver.sh "-n" "test_mesh_io_msh" "-e" "./test_mesh_io_msh" "-E" "/home/jenkins/workspace/akantu-private-master-5327/build/akantu_environement.sh" "-w" "/home/jenkins/workspace/akantu-private-master-5327/build/test/test_mesh_utils/test_mesh_io"</Value>
				</NamedMeasurement>
				<Measurement>
					<Value>Entering directory /home/jenkins/workspace/akantu-private-master-5327/build/test/test_mesh_utils/test_mesh_io
Executing the test test_mesh_io_msh
Run ./test_mesh_io_msh 
Mesh [
 + id                : mesh
 + spatial dimension : 3
 + nodes [
  Array&lt;double&gt; [
   + id             : mesh:coordinates
   + size           : 1114
   + nb_component   : 3
   + allocated size : 2000
   + memory size    : 375.00KiByte
   + address        : 0x55c1af41d210
  ]
 + connectivities [
  ElementTypeMapArray&lt;unsigned int&gt; [
    (not_ghost:_point_1) [
     Array&lt;unsigned int&gt; [
      + id             : mesh:connectivities:_point_1
      + size           : 8
      + nb_component   : 1
      + allocated size : 2000
      + memory size    : 31.25KiByte
      + address        : 0x55c1af429b50
     ]
     ]
    (not_ghost:_segment_2) [
     Array&lt;unsigned int&gt; [
      + id             : mesh:connectivities:_segment_2
      + size           : 120
      + nb_component   : 2
      + allocated size : 2000
      + memory size    : 62.50KiB...
The rest of the test output was removed since it exceeds the threshold of 1024 bytes.
</Value>
				</Measurement>
			</Results>
		</Test>
		<Test Status="passed">
			<Name>test_mesh_io_msh_physical_names</Name>
			<Path>./test/test_mesh_utils/test_mesh_io</Path>
			<FullName>./test/test_mesh_utils/test_mesh_io/test_mesh_io_msh_physical_names</FullName>
			<FullCommandLine>/home/jenkins/workspace/akantu-private-master-5327/cmake/akantu_test_driver.sh "-n" "test_mesh_io_msh_physical_names" "-e" "./test_mesh_io_msh_physical_names" "-E" "/home/jenkins/workspace/akantu-private-master-5327/build/akantu_environement.sh" "-w" "/home/jenkins/workspace/akantu-private-master-5327/build/test/test_mesh_utils/test_mesh_io" "-r" "/home/jenkins/workspace/akantu-private-master-5327/test/test_mesh_utils/test_mesh_io/test_mesh_io_msh_physical_names.verified"</FullCommandLine>
			<Results>
				<NamedMeasurement type="numeric/double" name="Execution Time">
					<Value>0.796444</Value>
				</NamedMeasurement>
				<NamedMeasurement type="numeric/double" name="Processors">
					<Value>1</Value>
				</NamedMeasurement>
				<NamedMeasurement type="text/string" name="Completion Status">
					<Value>Completed</Value>
				</NamedMeasurement>
				<NamedMeasurement type="text/string" name="Command Line">
					<Value>/home/jenkins/workspace/akantu-private-master-5327/cmake/akantu_test_driver.sh "-n" "test_mesh_io_msh_physical_names" "-e" "./test_mesh_io_msh_physical_names" "-E" "/home/jenkins/workspace/akantu-private-master-5327/build/akantu_environement.sh" "-w" "/home/jenkins/workspace/akantu-private-master-5327/build/test/test_mesh_utils/test_mesh_io" "-r" "/home/jenkins/workspace/akantu-private-master-5327/test/test_mesh_utils/test_mesh_io/test_mesh_io_msh_physical_names.verified"</Value>
				</NamedMeasurement>
				<Measurement>
					<Value>Entering directory /home/jenkins/workspace/akantu-private-master-5327/build/test/test_mesh_utils/test_mesh_io
Executing the test test_mesh_io_msh_physical_names
Run ./test_mesh_io_msh_physical_names 
Element 0 (of type _quadrangle_4) has physical name Sides.
Element 1 (of type _quadrangle_4) has physical name Sides.
Element 2 (of type _quadrangle_4) has physical name Sides.
Element 3 (of type _quadrangle_4) has physical name Sides.
Element 4 (of type _quadrangle_4) has physical name Top.
Element 5 (of type _quadrangle_4) has physical name Top.
Element 6 (of type _quadrangle_4) has physical name Top.
Element 7 (of type _quadrangle_4) has physical name Top.
Element 8 (of type _quadrangle_4) has physical name Sides.
Element 9 (of type _quadrangle_4) has physical name Sides.
Element 10 (of type _quadrangle_4) has physical name Sides.
Element 11 (of type _quadrangle_4) has physical name Sides.
Element 12 (of type _quadrangle_4) has physical name Bottom.
Element 13 (of type _quadrangle_4) has physical name Bottom.
...
The rest of the test output was removed since it exceeds the threshold of 1024 bytes.
</Value>
				</Measurement>
			</Results>
		</Test>
		<Test Status="passed">
			<Name>test_pbc_tweak</Name>
			<Path>./test/test_mesh_utils/test_pbc_tweak</Path>
			<FullName>./test/test_mesh_utils/test_pbc_tweak/test_pbc_tweak</FullName>
			<FullCommandLine>/home/jenkins/workspace/akantu-private-master-5327/cmake/akantu_test_driver.sh "-n" "test_pbc_tweak" "-e" "./test_pbc_tweak" "-E" "/home/jenkins/workspace/akantu-private-master-5327/build/akantu_environement.sh" "-w" "/home/jenkins/workspace/akantu-private-master-5327/build/test/test_mesh_utils/test_pbc_tweak"</FullCommandLine>
			<Results>
				<NamedMeasurement type="numeric/double" name="Execution Time">
					<Value>0.910628</Value>
				</NamedMeasurement>
				<NamedMeasurement type="numeric/double" name="Processors">
					<Value>1</Value>
				</NamedMeasurement>
				<NamedMeasurement type="text/string" name="Completion Status">
					<Value>Completed</Value>
				</NamedMeasurement>
				<NamedMeasurement type="text/string" name="Command Line">
					<Value>/home/jenkins/workspace/akantu-private-master-5327/cmake/akantu_test_driver.sh "-n" "test_pbc_tweak" "-e" "./test_pbc_tweak" "-E" "/home/jenkins/workspace/akantu-private-master-5327/build/akantu_environement.sh" "-w" "/home/jenkins/workspace/akantu-private-master-5327/build/test/test_mesh_utils/test_pbc_tweak"</Value>
				</NamedMeasurement>
				<Measurement>
					<Value>Entering directory /home/jenkins/workspace/akantu-private-master-5327/build/test/test_mesh_utils/test_pbc_tweak
Executing the test test_pbc_tweak
Run ./test_pbc_tweak 
&lt;1234&gt;[R0|S1] {1547131895556212} --- The connectivity vector for the type _hexahedron_8 created (getConnectivityPointer(): /home/jenkins/workspace/akantu-private-master-5327/src/mesh/mesh_inline_impl.cc:185)
&lt;1234&gt;[R0|S1] {1547131895573213} --- There are not facets, add them in the mesh file or call the buildFacet method. (fillElementToSubElementsData(): /home/jenkins/workspace/akantu-private-master-5327/src/mesh_utils/mesh_utils.cc:1514)
&lt;1234&gt;[R0|S1] {1547131895627216} --- Creating FEEngine boundary SolidMechanicsFEEngine (getFEEngineClassBoundary(): /home/jenkins/workspace/akantu-private-master-5327/src/model/model_inline_impl.cc:53)
</Value>
				</Measurement>
			</Results>
		</Test>
		<Test Status="passed">
			<Name>test_buildfacets_triangle_3</Name>
			<Path>./test/test_mesh_utils/test_buildfacets</Path>
			<FullName>./test/test_mesh_utils/test_buildfacets/test_buildfacets_triangle_3</FullName>
			<FullCommandLine>/home/jenkins/workspace/akantu-private-master-5327/cmake/akantu_test_driver.sh "-n" "test_buildfacets_triangle_3" "-e" "./test_buildfacets_triangle_3" "-E" "/home/jenkins/workspace/akantu-private-master-5327/build/akantu_environement.sh" "-w" "/home/jenkins/workspace/akantu-private-master-5327/build/test/test_mesh_utils/test_buildfacets" "-r" "/home/jenkins/workspace/akantu-private-master-5327/test/test_mesh_utils/test_buildfacets/test_buildfacets_triangle_3.verified"</FullCommandLine>
			<Results>
				<NamedMeasurement type="numeric/double" name="Execution Time">
					<Value>0.781012</Value>
				</NamedMeasurement>
				<NamedMeasurement type="numeric/double" name="Processors">
					<Value>1</Value>
				</NamedMeasurement>
				<NamedMeasurement type="text/string" name="Completion Status">
					<Value>Completed</Value>
				</NamedMeasurement>
				<NamedMeasurement type="text/string" name="Command Line">
					<Value>/home/jenkins/workspace/akantu-private-master-5327/cmake/akantu_test_driver.sh "-n" "test_buildfacets_triangle_3" "-e" "./test_buildfacets_triangle_3" "-E" "/home/jenkins/workspace/akantu-private-master-5327/build/akantu_environement.sh" "-w" "/home/jenkins/workspace/akantu-private-master-5327/build/test/test_mesh_utils/test_buildfacets" "-r" "/home/jenkins/workspace/akantu-private-master-5327/test/test_mesh_utils/test_buildfacets/test_buildfacets_triangle_3.verified"</Value>
				</NamedMeasurement>
				<Measurement>
					<Value>Entering directory /home/jenkins/workspace/akantu-private-master-5327/build/test/test_mesh_utils/test_buildfacets
Executing the test test_buildfacets_triangle_3
Run ./test_buildfacets_triangle_3 
ElementToSubelement2
_segment_2 0 connected to _triangle_3 0, _not_defined 4294967295,  
_segment_2 1 connected to _triangle_3 0, _triangle_3 1,  
_segment_2 2 connected to _triangle_3 0, _not_defined 4294967295,  
_segment_2 3 connected to _triangle_3 1, _triangle_3 4,  
_segment_2 4 connected to _triangle_3 1, _triangle_3 2,  
_segment_2 5 connected to _triangle_3 2, _triangle_3 3,  
_segment_2 6 connected to _triangle_3 2, _not_defined 4294967295,  
_segment_2 7 connected to _triangle_3 3, _triangle_3 6,  
_segment_2 8 connected to _triangle_3 3, _not_defined 4294967295,  
_segment_2 9 connected to _triangle_3 4, _not_defined 4294967295,  
_segment_2 10 connected to _triangle_3 4, _triangle_3 5,  
_segment_2 11 connected to _triangle_3 5, _not_defined 4294967295,  
_segment_2 12 connected to _triangle_3 5, _triang...
The rest of the test output was removed since it exceeds the threshold of 1024 bytes.
</Value>
				</Measurement>
			</Results>
		</Test>
		<Test Status="passed">
			<Name>test_buildfacets_triangle_6</Name>
			<Path>./test/test_mesh_utils/test_buildfacets</Path>
			<FullName>./test/test_mesh_utils/test_buildfacets/test_buildfacets_triangle_6</FullName>
			<FullCommandLine>/home/jenkins/workspace/akantu-private-master-5327/cmake/akantu_test_driver.sh "-n" "test_buildfacets_triangle_6" "-e" "./test_buildfacets_triangle_6" "-E" "/home/jenkins/workspace/akantu-private-master-5327/build/akantu_environement.sh" "-w" "/home/jenkins/workspace/akantu-private-master-5327/build/test/test_mesh_utils/test_buildfacets" "-r" "/home/jenkins/workspace/akantu-private-master-5327/test/test_mesh_utils/test_buildfacets/test_buildfacets_triangle_6.verified"</FullCommandLine>
			<Results>
				<NamedMeasurement type="numeric/double" name="Execution Time">
					<Value>0.773091</Value>
				</NamedMeasurement>
				<NamedMeasurement type="numeric/double" name="Processors">
					<Value>1</Value>
				</NamedMeasurement>
				<NamedMeasurement type="text/string" name="Completion Status">
					<Value>Completed</Value>
				</NamedMeasurement>
				<NamedMeasurement type="text/string" name="Command Line">
					<Value>/home/jenkins/workspace/akantu-private-master-5327/cmake/akantu_test_driver.sh "-n" "test_buildfacets_triangle_6" "-e" "./test_buildfacets_triangle_6" "-E" "/home/jenkins/workspace/akantu-private-master-5327/build/akantu_environement.sh" "-w" "/home/jenkins/workspace/akantu-private-master-5327/build/test/test_mesh_utils/test_buildfacets" "-r" "/home/jenkins/workspace/akantu-private-master-5327/test/test_mesh_utils/test_buildfacets/test_buildfacets_triangle_6.verified"</Value>
				</NamedMeasurement>
				<Measurement>
					<Value>Entering directory /home/jenkins/workspace/akantu-private-master-5327/build/test/test_mesh_utils/test_buildfacets
Executing the test test_buildfacets_triangle_6
Run ./test_buildfacets_triangle_6 
ElementToSubelement2
_segment_3 0 connected to _triangle_6 0, _not_defined 4294967295,  
_segment_3 1 connected to _triangle_6 0, _triangle_6 1,  
_segment_3 2 connected to _triangle_6 0, _not_defined 4294967295,  
_segment_3 3 connected to _triangle_6 1, _triangle_6 4,  
_segment_3 4 connected to _triangle_6 1, _triangle_6 2,  
_segment_3 5 connected to _triangle_6 2, _triangle_6 3,  
_segment_3 6 connected to _triangle_6 2, _not_defined 4294967295,  
_segment_3 7 connected to _triangle_6 3, _triangle_6 6,  
_segment_3 8 connected to _triangle_6 3, _not_defined 4294967295,  
_segment_3 9 connected to _triangle_6 4, _not_defined 4294967295,  
_segment_3 10 connected to _triangle_6 4, _triangle_6 5,  
_segment_3 11 connected to _triangle_6 5, _not_defined 4294967295,  
_segment_3 12 connected to _triangle_6 5, _triang...
The rest of the test output was removed since it exceeds the threshold of 1024 bytes.
</Value>
				</Measurement>
			</Results>
		</Test>
		<Test Status="passed">
			<Name>test_buildfacets_quadrangle_4</Name>
			<Path>./test/test_mesh_utils/test_buildfacets</Path>
			<FullName>./test/test_mesh_utils/test_buildfacets/test_buildfacets_quadrangle_4</FullName>
			<FullCommandLine>/home/jenkins/workspace/akantu-private-master-5327/cmake/akantu_test_driver.sh "-n" "test_buildfacets_quadrangle_4" "-e" "./test_buildfacets_quadrangle_4" "-E" "/home/jenkins/workspace/akantu-private-master-5327/build/akantu_environement.sh" "-w" "/home/jenkins/workspace/akantu-private-master-5327/build/test/test_mesh_utils/test_buildfacets" "-r" "/home/jenkins/workspace/akantu-private-master-5327/test/test_mesh_utils/test_buildfacets/test_buildfacets_quadrangle_4.verified"</FullCommandLine>
			<Results>
				<NamedMeasurement type="numeric/double" name="Execution Time">
					<Value>0.779211</Value>
				</NamedMeasurement>
				<NamedMeasurement type="numeric/double" name="Processors">
					<Value>1</Value>
				</NamedMeasurement>
				<NamedMeasurement type="text/string" name="Completion Status">
					<Value>Completed</Value>
				</NamedMeasurement>
				<NamedMeasurement type="text/string" name="Command Line">
					<Value>/home/jenkins/workspace/akantu-private-master-5327/cmake/akantu_test_driver.sh "-n" "test_buildfacets_quadrangle_4" "-e" "./test_buildfacets_quadrangle_4" "-E" "/home/jenkins/workspace/akantu-private-master-5327/build/akantu_environement.sh" "-w" "/home/jenkins/workspace/akantu-private-master-5327/build/test/test_mesh_utils/test_buildfacets" "-r" "/home/jenkins/workspace/akantu-private-master-5327/test/test_mesh_utils/test_buildfacets/test_buildfacets_quadrangle_4.verified"</Value>
				</NamedMeasurement>
				<Measurement>
					<Value>Entering directory /home/jenkins/workspace/akantu-private-master-5327/build/test/test_mesh_utils/test_buildfacets
Executing the test test_buildfacets_quadrangle_4
Run ./test_buildfacets_quadrangle_4 
ElementToSubelement2
_segment_2 0 connected to _quadrangle_4 0, _not_defined 4294967295,  
_segment_2 1 connected to _quadrangle_4 0, _quadrangle_4 2,  
_segment_2 2 connected to _quadrangle_4 0, _quadrangle_4 1,  
_segment_2 3 connected to _quadrangle_4 0, _not_defined 4294967295,  
_segment_2 4 connected to _quadrangle_4 1, _quadrangle_4 3,  
_segment_2 5 connected to _quadrangle_4 1, _not_defined 4294967295,  
_segment_2 6 connected to _quadrangle_4 1, _not_defined 4294967295,  
_segment_2 7 connected to _quadrangle_4 2, _not_defined 4294967295,  
_segment_2 8 connected to _quadrangle_4 2, _not_defined 4294967295,  
_segment_2 9 connected to _quadrangle_4 2, _quadrangle_4 3,  
_segment_2 10 connected to _quadrangle_4 3, _not_defined 4294967295,  
_segment_2 11 connected to _quadrangle_4 3, _not_defined 4294967...
The rest of the test output was removed since it exceeds the threshold of 1024 bytes.
</Value>
				</Measurement>
			</Results>
		</Test>
		<Test Status="passed">
			<Name>test_buildfacets_quadrangle_8</Name>
			<Path>./test/test_mesh_utils/test_buildfacets</Path>
			<FullName>./test/test_mesh_utils/test_buildfacets/test_buildfacets_quadrangle_8</FullName>
			<FullCommandLine>/home/jenkins/workspace/akantu-private-master-5327/cmake/akantu_test_driver.sh "-n" "test_buildfacets_quadrangle_8" "-e" "./test_buildfacets_quadrangle_8" "-E" "/home/jenkins/workspace/akantu-private-master-5327/build/akantu_environement.sh" "-w" "/home/jenkins/workspace/akantu-private-master-5327/build/test/test_mesh_utils/test_buildfacets" "-r" "/home/jenkins/workspace/akantu-private-master-5327/test/test_mesh_utils/test_buildfacets/test_buildfacets_quadrangle_8.verified"</FullCommandLine>
			<Results>
				<NamedMeasurement type="numeric/double" name="Execution Time">
					<Value>0.791376</Value>
				</NamedMeasurement>
				<NamedMeasurement type="numeric/double" name="Processors">
					<Value>1</Value>
				</NamedMeasurement>
				<NamedMeasurement type="text/string" name="Completion Status">
					<Value>Completed</Value>
				</NamedMeasurement>
				<NamedMeasurement type="text/string" name="Command Line">
					<Value>/home/jenkins/workspace/akantu-private-master-5327/cmake/akantu_test_driver.sh "-n" "test_buildfacets_quadrangle_8" "-e" "./test_buildfacets_quadrangle_8" "-E" "/home/jenkins/workspace/akantu-private-master-5327/build/akantu_environement.sh" "-w" "/home/jenkins/workspace/akantu-private-master-5327/build/test/test_mesh_utils/test_buildfacets" "-r" "/home/jenkins/workspace/akantu-private-master-5327/test/test_mesh_utils/test_buildfacets/test_buildfacets_quadrangle_8.verified"</Value>
				</NamedMeasurement>
				<Measurement>
					<Value>Entering directory /home/jenkins/workspace/akantu-private-master-5327/build/test/test_mesh_utils/test_buildfacets
Executing the test test_buildfacets_quadrangle_8
Run ./test_buildfacets_quadrangle_8 
ElementToSubelement2
_segment_3 0 connected to _quadrangle_8 0, _not_defined 4294967295,  
_segment_3 1 connected to _quadrangle_8 0, _quadrangle_8 2,  
_segment_3 2 connected to _quadrangle_8 0, _quadrangle_8 1,  
_segment_3 3 connected to _quadrangle_8 0, _not_defined 4294967295,  
_segment_3 4 connected to _quadrangle_8 1, _quadrangle_8 3,  
_segment_3 5 connected to _quadrangle_8 1, _not_defined 4294967295,  
_segment_3 6 connected to _quadrangle_8 1, _not_defined 4294967295,  
_segment_3 7 connected to _quadrangle_8 2, _not_defined 4294967295,  
_segment_3 8 connected to _quadrangle_8 2, _not_defined 4294967295,  
_segment_3 9 connected to _quadrangle_8 2, _quadrangle_8 3,  
_segment_3 10 connected to _quadrangle_8 3, _not_defined 4294967295,  
_segment_3 11 connected to _quadrangle_8 3, _not_defined 4294967...
The rest of the test output was removed since it exceeds the threshold of 1024 bytes.
</Value>
				</Measurement>
			</Results>
		</Test>
		<Test Status="passed">
			<Name>test_buildfacets_mixed2d_linear</Name>
			<Path>./test/test_mesh_utils/test_buildfacets</Path>
			<FullName>./test/test_mesh_utils/test_buildfacets/test_buildfacets_mixed2d_linear</FullName>
			<FullCommandLine>/home/jenkins/workspace/akantu-private-master-5327/cmake/akantu_test_driver.sh "-n" "test_buildfacets_mixed2d_linear" "-e" "./test_buildfacets_mixed2d_linear" "-E" "/home/jenkins/workspace/akantu-private-master-5327/build/akantu_environement.sh" "-w" "/home/jenkins/workspace/akantu-private-master-5327/build/test/test_mesh_utils/test_buildfacets" "-r" "/home/jenkins/workspace/akantu-private-master-5327/test/test_mesh_utils/test_buildfacets/test_buildfacets_mixed2d_linear.verified"</FullCommandLine>
			<Results>
				<NamedMeasurement type="numeric/double" name="Execution Time">
					<Value>0.777441</Value>
				</NamedMeasurement>
				<NamedMeasurement type="numeric/double" name="Processors">
					<Value>1</Value>
				</NamedMeasurement>
				<NamedMeasurement type="text/string" name="Completion Status">
					<Value>Completed</Value>
				</NamedMeasurement>
				<NamedMeasurement type="text/string" name="Command Line">
					<Value>/home/jenkins/workspace/akantu-private-master-5327/cmake/akantu_test_driver.sh "-n" "test_buildfacets_mixed2d_linear" "-e" "./test_buildfacets_mixed2d_linear" "-E" "/home/jenkins/workspace/akantu-private-master-5327/build/akantu_environement.sh" "-w" "/home/jenkins/workspace/akantu-private-master-5327/build/test/test_mesh_utils/test_buildfacets" "-r" "/home/jenkins/workspace/akantu-private-master-5327/test/test_mesh_utils/test_buildfacets/test_buildfacets_mixed2d_linear.verified"</Value>
				</NamedMeasurement>
				<Measurement>
					<Value>Entering directory /home/jenkins/workspace/akantu-private-master-5327/build/test/test_mesh_utils/test_buildfacets
Executing the test test_buildfacets_mixed2d_linear
Run ./test_buildfacets_mixed2d_linear 
ElementToSubelement2
_segment_2 0 connected to _triangle_3 0, _quadrangle_4 0,  
_segment_2 1 connected to _triangle_3 0, _triangle_3 2,  
_segment_2 2 connected to _triangle_3 0, _not_defined 4294967295,  
_segment_2 3 connected to _triangle_3 1, _quadrangle_4 1,  
_segment_2 4 connected to _triangle_3 1, _triangle_3 3,  
_segment_2 5 connected to _triangle_3 1, _triangle_3 2,  
_segment_2 6 connected to _triangle_3 2, _not_defined 4294967295,  
_segment_2 7 connected to _triangle_3 3, _not_defined 4294967295,  
_segment_2 8 connected to _triangle_3 3, _not_defined 4294967295,  
_segment_2 9 connected to _quadrangle_4 0, _not_defined 4294967295,  
_segment_2 10 connected to _quadrangle_4 0, _quadrangle_4 1,  
_segment_2 11 connected to _quadrangle_4 0, _not_defined 4294967295,  
_segment_2 12 connected to _q...
The rest of the test output was removed since it exceeds the threshold of 1024 bytes.
</Value>
				</Measurement>
			</Results>
		</Test>
		<Test Status="passed">
			<Name>test_buildfacets_mixed2d_quadratic</Name>
			<Path>./test/test_mesh_utils/test_buildfacets</Path>
			<FullName>./test/test_mesh_utils/test_buildfacets/test_buildfacets_mixed2d_quadratic</FullName>
			<FullCommandLine>/home/jenkins/workspace/akantu-private-master-5327/cmake/akantu_test_driver.sh "-n" "test_buildfacets_mixed2d_quadratic" "-e" "./test_buildfacets_mixed2d_quadratic" "-E" "/home/jenkins/workspace/akantu-private-master-5327/build/akantu_environement.sh" "-w" "/home/jenkins/workspace/akantu-private-master-5327/build/test/test_mesh_utils/test_buildfacets" "-r" "/home/jenkins/workspace/akantu-private-master-5327/test/test_mesh_utils/test_buildfacets/test_buildfacets_mixed2d_quadratic.verified"</FullCommandLine>
			<Results>
				<NamedMeasurement type="numeric/double" name="Execution Time">
					<Value>0.77115</Value>
				</NamedMeasurement>
				<NamedMeasurement type="numeric/double" name="Processors">
					<Value>1</Value>
				</NamedMeasurement>
				<NamedMeasurement type="text/string" name="Completion Status">
					<Value>Completed</Value>
				</NamedMeasurement>
				<NamedMeasurement type="text/string" name="Command Line">
					<Value>/home/jenkins/workspace/akantu-private-master-5327/cmake/akantu_test_driver.sh "-n" "test_buildfacets_mixed2d_quadratic" "-e" "./test_buildfacets_mixed2d_quadratic" "-E" "/home/jenkins/workspace/akantu-private-master-5327/build/akantu_environement.sh" "-w" "/home/jenkins/workspace/akantu-private-master-5327/build/test/test_mesh_utils/test_buildfacets" "-r" "/home/jenkins/workspace/akantu-private-master-5327/test/test_mesh_utils/test_buildfacets/test_buildfacets_mixed2d_quadratic.verified"</Value>
				</NamedMeasurement>
				<Measurement>
					<Value>Entering directory /home/jenkins/workspace/akantu-private-master-5327/build/test/test_mesh_utils/test_buildfacets
Executing the test test_buildfacets_mixed2d_quadratic
Run ./test_buildfacets_mixed2d_quadratic 
ElementToSubelement2
_segment_3 0 connected to _triangle_6 0, _quadrangle_8 0,  
_segment_3 1 connected to _triangle_6 0, _triangle_6 2,  
_segment_3 2 connected to _triangle_6 0, _not_defined 4294967295,  
_segment_3 3 connected to _triangle_6 1, _quadrangle_8 1,  
_segment_3 4 connected to _triangle_6 1, _triangle_6 3,  
_segment_3 5 connected to _triangle_6 1, _triangle_6 2,  
_segment_3 6 connected to _triangle_6 2, _not_defined 4294967295,  
_segment_3 7 connected to _triangle_6 3, _not_defined 4294967295,  
_segment_3 8 connected to _triangle_6 3, _not_defined 4294967295,  
_segment_3 9 connected to _quadrangle_8 0, _not_defined 4294967295,  
_segment_3 10 connected to _quadrangle_8 0, _quadrangle_8 1,  
_segment_3 11 connected to _quadrangle_8 0, _not_defined 4294967295,  
_segment_3 12 connected...
The rest of the test output was removed since it exceeds the threshold of 1024 bytes.
</Value>
				</Measurement>
			</Results>
		</Test>
		<Test Status="passed">
			<Name>test_buildfacets_tetrahedron_10</Name>
			<Path>./test/test_mesh_utils/test_buildfacets</Path>
			<FullName>./test/test_mesh_utils/test_buildfacets/test_buildfacets_tetrahedron_10</FullName>
			<FullCommandLine>/home/jenkins/workspace/akantu-private-master-5327/cmake/akantu_test_driver.sh "-n" "test_buildfacets_tetrahedron_10" "-e" "./test_buildfacets_tetrahedron_10" "-E" "/home/jenkins/workspace/akantu-private-master-5327/build/akantu_environement.sh" "-w" "/home/jenkins/workspace/akantu-private-master-5327/build/test/test_mesh_utils/test_buildfacets" "-r" "/home/jenkins/workspace/akantu-private-master-5327/test/test_mesh_utils/test_buildfacets/test_buildfacets_tetrahedron_10.verified"</FullCommandLine>
			<Results>
				<NamedMeasurement type="numeric/double" name="Execution Time">
					<Value>0.802719</Value>
				</NamedMeasurement>
				<NamedMeasurement type="numeric/double" name="Processors">
					<Value>1</Value>
				</NamedMeasurement>
				<NamedMeasurement type="text/string" name="Completion Status">
					<Value>Completed</Value>
				</NamedMeasurement>
				<NamedMeasurement type="text/string" name="Command Line">
					<Value>/home/jenkins/workspace/akantu-private-master-5327/cmake/akantu_test_driver.sh "-n" "test_buildfacets_tetrahedron_10" "-e" "./test_buildfacets_tetrahedron_10" "-E" "/home/jenkins/workspace/akantu-private-master-5327/build/akantu_environement.sh" "-w" "/home/jenkins/workspace/akantu-private-master-5327/build/test/test_mesh_utils/test_buildfacets" "-r" "/home/jenkins/workspace/akantu-private-master-5327/test/test_mesh_utils/test_buildfacets/test_buildfacets_tetrahedron_10.verified"</Value>
				</NamedMeasurement>
				<Measurement>
					<Value>Entering directory /home/jenkins/workspace/akantu-private-master-5327/build/test/test_mesh_utils/test_buildfacets
Executing the test test_buildfacets_tetrahedron_10
Run ./test_buildfacets_tetrahedron_10 
ElementToSubelement3
_triangle_6 0 connected to _tetrahedron_10 0, _tetrahedron_10 11,  
_triangle_6 1 connected to _tetrahedron_10 0, _tetrahedron_10 12,  
_triangle_6 2 connected to _tetrahedron_10 0, _tetrahedron_10 6,  
_triangle_6 3 connected to _tetrahedron_10 0, _not_defined 4294967295,  
_triangle_6 4 connected to _tetrahedron_10 1, _tetrahedron_10 11,  
_triangle_6 5 connected to _tetrahedron_10 1, _tetrahedron_10 15,  
_triangle_6 6 connected to _tetrahedron_10 1, _not_defined 4294967295,  
_triangle_6 7 connected to _tetrahedron_10 1, _tetrahedron_10 13,  
_triangle_6 8 connected to _tetrahedron_10 2, _not_defined 4294967295,  
_triangle_6 9 connected to _tetrahedron_10 2, _tetrahedron_10 12,  
_triangle_6 10 connected to _tetrahedron_10 2, _not_defined 4294967295,  
_triangle_6 11 connected to _te...
The rest of the test output was removed since it exceeds the threshold of 1024 bytes.
</Value>
				</Measurement>
			</Results>
		</Test>
		<Test Status="passed">
			<Name>test_buildfacets_hexahedron_8</Name>
			<Path>./test/test_mesh_utils/test_buildfacets</Path>
			<FullName>./test/test_mesh_utils/test_buildfacets/test_buildfacets_hexahedron_8</FullName>
			<FullCommandLine>/home/jenkins/workspace/akantu-private-master-5327/cmake/akantu_test_driver.sh "-n" "test_buildfacets_hexahedron_8" "-e" "./test_buildfacets_hexahedron_8" "-E" "/home/jenkins/workspace/akantu-private-master-5327/build/akantu_environement.sh" "-w" "/home/jenkins/workspace/akantu-private-master-5327/build/test/test_mesh_utils/test_buildfacets" "-r" "/home/jenkins/workspace/akantu-private-master-5327/test/test_mesh_utils/test_buildfacets/test_buildfacets_hexahedron_8.verified"</FullCommandLine>
			<Results>
				<NamedMeasurement type="numeric/double" name="Execution Time">
					<Value>0.782066</Value>
				</NamedMeasurement>
				<NamedMeasurement type="numeric/double" name="Processors">
					<Value>1</Value>
				</NamedMeasurement>
				<NamedMeasurement type="text/string" name="Completion Status">
					<Value>Completed</Value>
				</NamedMeasurement>
				<NamedMeasurement type="text/string" name="Command Line">
					<Value>/home/jenkins/workspace/akantu-private-master-5327/cmake/akantu_test_driver.sh "-n" "test_buildfacets_hexahedron_8" "-e" "./test_buildfacets_hexahedron_8" "-E" "/home/jenkins/workspace/akantu-private-master-5327/build/akantu_environement.sh" "-w" "/home/jenkins/workspace/akantu-private-master-5327/build/test/test_mesh_utils/test_buildfacets" "-r" "/home/jenkins/workspace/akantu-private-master-5327/test/test_mesh_utils/test_buildfacets/test_buildfacets_hexahedron_8.verified"</Value>
				</NamedMeasurement>
				<Measurement>
					<Value>Entering directory /home/jenkins/workspace/akantu-private-master-5327/build/test/test_mesh_utils/test_buildfacets
Executing the test test_buildfacets_hexahedron_8
Run ./test_buildfacets_hexahedron_8 
ElementToSubelement3
_quadrangle_4 0 connected to _hexahedron_8 0, _not_defined 4294967295,  
_quadrangle_4 1 connected to _hexahedron_8 0, _hexahedron_8 3,  
_quadrangle_4 2 connected to _hexahedron_8 0, _hexahedron_8 1,  
_quadrangle_4 3 connected to _hexahedron_8 0, _not_defined 4294967295,  
_quadrangle_4 4 connected to _hexahedron_8 0, _not_defined 4294967295,  
_quadrangle_4 5 connected to _hexahedron_8 0, _not_defined 4294967295,  
_quadrangle_4 6 connected to _hexahedron_8 1, _not_defined 4294967295,  
_quadrangle_4 7 connected to _hexahedron_8 1, _hexahedron_8 2,  
_quadrangle_4 8 connected to _hexahedron_8 1, _not_defined 4294967295,  
_quadrangle_4 9 connected to _hexahedron_8 1, _not_defined 4294967295,  
_quadrangle_4 10 connected to _hexahedron_8 1, _not_defined 4294967295,  
_quadrangle_4 11 connec...
The rest of the test output was removed since it exceeds the threshold of 1024 bytes.
</Value>
				</Measurement>
			</Results>
		</Test>
		<Test Status="passed">
			<Name>test_buildfacets_hexahedron_20</Name>
			<Path>./test/test_mesh_utils/test_buildfacets</Path>
			<FullName>./test/test_mesh_utils/test_buildfacets/test_buildfacets_hexahedron_20</FullName>
			<FullCommandLine>/home/jenkins/workspace/akantu-private-master-5327/cmake/akantu_test_driver.sh "-n" "test_buildfacets_hexahedron_20" "-e" "./test_buildfacets_hexahedron_20" "-E" "/home/jenkins/workspace/akantu-private-master-5327/build/akantu_environement.sh" "-w" "/home/jenkins/workspace/akantu-private-master-5327/build/test/test_mesh_utils/test_buildfacets" "-r" "/home/jenkins/workspace/akantu-private-master-5327/test/test_mesh_utils/test_buildfacets/test_buildfacets_hexahedron_20.verified"</FullCommandLine>
			<Results>
				<NamedMeasurement type="numeric/double" name="Execution Time">
					<Value>0.778573</Value>
				</NamedMeasurement>
				<NamedMeasurement type="numeric/double" name="Processors">
					<Value>1</Value>
				</NamedMeasurement>
				<NamedMeasurement type="text/string" name="Completion Status">
					<Value>Completed</Value>
				</NamedMeasurement>
				<NamedMeasurement type="text/string" name="Command Line">
					<Value>/home/jenkins/workspace/akantu-private-master-5327/cmake/akantu_test_driver.sh "-n" "test_buildfacets_hexahedron_20" "-e" "./test_buildfacets_hexahedron_20" "-E" "/home/jenkins/workspace/akantu-private-master-5327/build/akantu_environement.sh" "-w" "/home/jenkins/workspace/akantu-private-master-5327/build/test/test_mesh_utils/test_buildfacets" "-r" "/home/jenkins/workspace/akantu-private-master-5327/test/test_mesh_utils/test_buildfacets/test_buildfacets_hexahedron_20.verified"</Value>
				</NamedMeasurement>
				<Measurement>
					<Value>Entering directory /home/jenkins/workspace/akantu-private-master-5327/build/test/test_mesh_utils/test_buildfacets
Executing the test test_buildfacets_hexahedron_20
Run ./test_buildfacets_hexahedron_20 
ElementToSubelement3
_quadrangle_8 0 connected to _hexahedron_20 0, _hexahedron_20 3,  
_quadrangle_8 1 connected to _hexahedron_20 0, _hexahedron_20 1,  
_quadrangle_8 2 connected to _hexahedron_20 0, _not_defined 4294967295,  
_quadrangle_8 3 connected to _hexahedron_20 0, _not_defined 4294967295,  
_quadrangle_8 4 connected to _hexahedron_20 0, _not_defined 4294967295,  
_quadrangle_8 5 connected to _hexahedron_20 0, _not_defined 4294967295,  
_quadrangle_8 6 connected to _hexahedron_20 1, _not_defined 4294967295,  
_quadrangle_8 7 connected to _hexahedron_20 1, _hexahedron_20 2,  
_quadrangle_8 8 connected to _hexahedron_20 1, _not_defined 4294967295,  
_quadrangle_8 9 connected to _hexahedron_20 1, _not_defined 4294967295,  
_quadrangle_8 10 connected to _hexahedron_20 1, _not_defined 4294967295,  
_quadra...
The rest of the test output was removed since it exceeds the threshold of 1024 bytes.
</Value>
				</Measurement>
			</Results>
		</Test>
		<Test Status="passed">
			<Name>test_buildfacets_pentahedron_6</Name>
			<Path>./test/test_mesh_utils/test_buildfacets</Path>
			<FullName>./test/test_mesh_utils/test_buildfacets/test_buildfacets_pentahedron_6</FullName>
			<FullCommandLine>/home/jenkins/workspace/akantu-private-master-5327/cmake/akantu_test_driver.sh "-n" "test_buildfacets_pentahedron_6" "-e" "./test_buildfacets_pentahedron_6" "-E" "/home/jenkins/workspace/akantu-private-master-5327/build/akantu_environement.sh" "-w" "/home/jenkins/workspace/akantu-private-master-5327/build/test/test_mesh_utils/test_buildfacets" "-r" "/home/jenkins/workspace/akantu-private-master-5327/test/test_mesh_utils/test_buildfacets/test_buildfacets_pentahedron_6.verified"</FullCommandLine>
			<Results>
				<NamedMeasurement type="numeric/double" name="Execution Time">
					<Value>0.784735</Value>
				</NamedMeasurement>
				<NamedMeasurement type="numeric/double" name="Processors">
					<Value>1</Value>
				</NamedMeasurement>
				<NamedMeasurement type="text/string" name="Completion Status">
					<Value>Completed</Value>
				</NamedMeasurement>
				<NamedMeasurement type="text/string" name="Command Line">
					<Value>/home/jenkins/workspace/akantu-private-master-5327/cmake/akantu_test_driver.sh "-n" "test_buildfacets_pentahedron_6" "-e" "./test_buildfacets_pentahedron_6" "-E" "/home/jenkins/workspace/akantu-private-master-5327/build/akantu_environement.sh" "-w" "/home/jenkins/workspace/akantu-private-master-5327/build/test/test_mesh_utils/test_buildfacets" "-r" "/home/jenkins/workspace/akantu-private-master-5327/test/test_mesh_utils/test_buildfacets/test_buildfacets_pentahedron_6.verified"</Value>
				</NamedMeasurement>
				<Measurement>
					<Value>Entering directory /home/jenkins/workspace/akantu-private-master-5327/build/test/test_mesh_utils/test_buildfacets
Executing the test test_buildfacets_pentahedron_6
Run ./test_buildfacets_pentahedron_6 
ElementToSubelement3
_triangle_3 0 connected to _pentahedron_6 0, _not_defined 4294967295,  
_triangle_3 1 connected to _pentahedron_6 0, _pentahedron_6 2,  
_triangle_3 2 connected to _pentahedron_6 1, _not_defined 4294967295,  
_triangle_3 3 connected to _pentahedron_6 1, _pentahedron_6 3,  
_triangle_3 4 connected to _pentahedron_6 2, _not_defined 4294967295,  
_triangle_3 5 connected to _pentahedron_6 3, _not_defined 4294967295,  
ElementToSubelement3
_quadrangle_4 0 connected to _pentahedron_6 0, _pentahedron_6 1,  
_quadrangle_4 1 connected to _pentahedron_6 0, _not_defined 4294967295,  
_quadrangle_4 2 connected to _pentahedron_6 0, _not_defined 4294967295,  
_quadrangle_4 3 connected to _pentahedron_6 1, _not_defined 4294967295,  
_quadrangle_4 4 connected to _pentahedron_6 1, _not_defined 4294967295,  ...
The rest of the test output was removed since it exceeds the threshold of 1024 bytes.
</Value>
				</Measurement>
			</Results>
		</Test>
		<Test Status="passed">
			<Name>test_buildfacets_pentahedron_15</Name>
			<Path>./test/test_mesh_utils/test_buildfacets</Path>
			<FullName>./test/test_mesh_utils/test_buildfacets/test_buildfacets_pentahedron_15</FullName>
			<FullCommandLine>/home/jenkins/workspace/akantu-private-master-5327/cmake/akantu_test_driver.sh "-n" "test_buildfacets_pentahedron_15" "-e" "./test_buildfacets_pentahedron_15" "-E" "/home/jenkins/workspace/akantu-private-master-5327/build/akantu_environement.sh" "-w" "/home/jenkins/workspace/akantu-private-master-5327/build/test/test_mesh_utils/test_buildfacets" "-r" "/home/jenkins/workspace/akantu-private-master-5327/test/test_mesh_utils/test_buildfacets/test_buildfacets_pentahedron_15.verified"</FullCommandLine>
			<Results>
				<NamedMeasurement type="numeric/double" name="Execution Time">
					<Value>0.797393</Value>
				</NamedMeasurement>
				<NamedMeasurement type="numeric/double" name="Processors">
					<Value>1</Value>
				</NamedMeasurement>
				<NamedMeasurement type="text/string" name="Completion Status">
					<Value>Completed</Value>
				</NamedMeasurement>
				<NamedMeasurement type="text/string" name="Command Line">
					<Value>/home/jenkins/workspace/akantu-private-master-5327/cmake/akantu_test_driver.sh "-n" "test_buildfacets_pentahedron_15" "-e" "./test_buildfacets_pentahedron_15" "-E" "/home/jenkins/workspace/akantu-private-master-5327/build/akantu_environement.sh" "-w" "/home/jenkins/workspace/akantu-private-master-5327/build/test/test_mesh_utils/test_buildfacets" "-r" "/home/jenkins/workspace/akantu-private-master-5327/test/test_mesh_utils/test_buildfacets/test_buildfacets_pentahedron_15.verified"</Value>
				</NamedMeasurement>
				<Measurement>
					<Value>Entering directory /home/jenkins/workspace/akantu-private-master-5327/build/test/test_mesh_utils/test_buildfacets
Executing the test test_buildfacets_pentahedron_15
Run ./test_buildfacets_pentahedron_15 
ElementToSubelement3
_triangle_6 0 connected to _pentahedron_15 0, _not_defined 4294967295,  
_triangle_6 1 connected to _pentahedron_15 0, _pentahedron_15 2,  
_triangle_6 2 connected to _pentahedron_15 1, _not_defined 4294967295,  
_triangle_6 3 connected to _pentahedron_15 1, _pentahedron_15 3,  
_triangle_6 4 connected to _pentahedron_15 2, _not_defined 4294967295,  
_triangle_6 5 connected to _pentahedron_15 3, _not_defined 4294967295,  
ElementToSubelement3
_quadrangle_8 0 connected to _pentahedron_15 0, _pentahedron_15 1,  
_quadrangle_8 1 connected to _pentahedron_15 0, _not_defined 4294967295,  
_quadrangle_8 2 connected to _pentahedron_15 0, _not_defined 4294967295,  
_quadrangle_8 3 connected to _pentahedron_15 1, _not_defined 4294967295,  
_quadrangle_8 4 connected to _pentahedron_15 1, _not_defin...
The rest of the test output was removed since it exceeds the threshold of 1024 bytes.
</Value>
				</Measurement>
			</Results>
		</Test>
		<Test Status="passed">
			<Name>test_buildfacets_mixed3d_linear</Name>
			<Path>./test/test_mesh_utils/test_buildfacets</Path>
			<FullName>./test/test_mesh_utils/test_buildfacets/test_buildfacets_mixed3d_linear</FullName>
			<FullCommandLine>/home/jenkins/workspace/akantu-private-master-5327/cmake/akantu_test_driver.sh "-n" "test_buildfacets_mixed3d_linear" "-e" "./test_buildfacets_mixed3d_linear" "-E" "/home/jenkins/workspace/akantu-private-master-5327/build/akantu_environement.sh" "-w" "/home/jenkins/workspace/akantu-private-master-5327/build/test/test_mesh_utils/test_buildfacets" "-r" "/home/jenkins/workspace/akantu-private-master-5327/test/test_mesh_utils/test_buildfacets/test_buildfacets_mixed3d_linear.verified"</FullCommandLine>
			<Results>
				<NamedMeasurement type="numeric/double" name="Execution Time">
					<Value>0.788664</Value>
				</NamedMeasurement>
				<NamedMeasurement type="numeric/double" name="Processors">
					<Value>1</Value>
				</NamedMeasurement>
				<NamedMeasurement type="text/string" name="Completion Status">
					<Value>Completed</Value>
				</NamedMeasurement>
				<NamedMeasurement type="text/string" name="Command Line">
					<Value>/home/jenkins/workspace/akantu-private-master-5327/cmake/akantu_test_driver.sh "-n" "test_buildfacets_mixed3d_linear" "-e" "./test_buildfacets_mixed3d_linear" "-E" "/home/jenkins/workspace/akantu-private-master-5327/build/akantu_environement.sh" "-w" "/home/jenkins/workspace/akantu-private-master-5327/build/test/test_mesh_utils/test_buildfacets" "-r" "/home/jenkins/workspace/akantu-private-master-5327/test/test_mesh_utils/test_buildfacets/test_buildfacets_mixed3d_linear.verified"</Value>
				</NamedMeasurement>
				<Measurement>
					<Value>Entering directory /home/jenkins/workspace/akantu-private-master-5327/build/test/test_mesh_utils/test_buildfacets
Executing the test test_buildfacets_mixed3d_linear
Run ./test_buildfacets_mixed3d_linear 
ElementToSubelement3
_quadrangle_4 0 connected to _pentahedron_6 0, _pentahedron_6 2,  
_quadrangle_4 1 connected to _pentahedron_6 0, _not_defined 4294967295,  
_quadrangle_4 2 connected to _pentahedron_6 0, _hexahedron_8 0,  
_quadrangle_4 3 connected to _pentahedron_6 1, _pentahedron_6 3,  
_quadrangle_4 4 connected to _pentahedron_6 1, _pentahedron_6 2,  
_quadrangle_4 5 connected to _pentahedron_6 1, _hexahedron_8 1,  
_quadrangle_4 6 connected to _pentahedron_6 2, _not_defined 4294967295,  
_quadrangle_4 7 connected to _pentahedron_6 3, _not_defined 4294967295,  
_quadrangle_4 8 connected to _pentahedron_6 3, _not_defined 4294967295,  
_quadrangle_4 9 connected to _hexahedron_8 0, _not_defined 4294967295,  
_quadrangle_4 10 connected to _hexahedron_8 0, _not_defined 4294967295,  
_quadrangle_4 11 connec...
The rest of the test output was removed since it exceeds the threshold of 1024 bytes.
</Value>
				</Measurement>
			</Results>
		</Test>
		<Test Status="passed">
			<Name>test_buildfacets_mixed3d_quadratic</Name>
			<Path>./test/test_mesh_utils/test_buildfacets</Path>
			<FullName>./test/test_mesh_utils/test_buildfacets/test_buildfacets_mixed3d_quadratic</FullName>
			<FullCommandLine>/home/jenkins/workspace/akantu-private-master-5327/cmake/akantu_test_driver.sh "-n" "test_buildfacets_mixed3d_quadratic" "-e" "./test_buildfacets_mixed3d_quadratic" "-E" "/home/jenkins/workspace/akantu-private-master-5327/build/akantu_environement.sh" "-w" "/home/jenkins/workspace/akantu-private-master-5327/build/test/test_mesh_utils/test_buildfacets" "-r" "/home/jenkins/workspace/akantu-private-master-5327/test/test_mesh_utils/test_buildfacets/test_buildfacets_mixed3d_quadratic.verified"</FullCommandLine>
			<Results>
				<NamedMeasurement type="numeric/double" name="Execution Time">
					<Value>0.800241</Value>
				</NamedMeasurement>
				<NamedMeasurement type="numeric/double" name="Processors">
					<Value>1</Value>
				</NamedMeasurement>
				<NamedMeasurement type="text/string" name="Completion Status">
					<Value>Completed</Value>
				</NamedMeasurement>
				<NamedMeasurement type="text/string" name="Command Line">
					<Value>/home/jenkins/workspace/akantu-private-master-5327/cmake/akantu_test_driver.sh "-n" "test_buildfacets_mixed3d_quadratic" "-e" "./test_buildfacets_mixed3d_quadratic" "-E" "/home/jenkins/workspace/akantu-private-master-5327/build/akantu_environement.sh" "-w" "/home/jenkins/workspace/akantu-private-master-5327/build/test/test_mesh_utils/test_buildfacets" "-r" "/home/jenkins/workspace/akantu-private-master-5327/test/test_mesh_utils/test_buildfacets/test_buildfacets_mixed3d_quadratic.verified"</Value>
				</NamedMeasurement>
				<Measurement>
					<Value>Entering directory /home/jenkins/workspace/akantu-private-master-5327/build/test/test_mesh_utils/test_buildfacets
Executing the test test_buildfacets_mixed3d_quadratic
Run ./test_buildfacets_mixed3d_quadratic 
ElementToSubelement3
_quadrangle_8 0 connected to _pentahedron_15 0, _pentahedron_15 2,  
_quadrangle_8 1 connected to _pentahedron_15 0, _not_defined 4294967295,  
_quadrangle_8 2 connected to _pentahedron_15 0, _hexahedron_20 0,  
_quadrangle_8 3 connected to _pentahedron_15 1, _pentahedron_15 3,  
_quadrangle_8 4 connected to _pentahedron_15 1, _pentahedron_15 2,  
_quadrangle_8 5 connected to _pentahedron_15 1, _hexahedron_20 1,  
_quadrangle_8 6 connected to _pentahedron_15 2, _not_defined 4294967295,  
_quadrangle_8 7 connected to _pentahedron_15 3, _not_defined 4294967295,  
_quadrangle_8 8 connected to _pentahedron_15 3, _not_defined 4294967295,  
_quadrangle_8 9 connected to _hexahedron_20 0, _not_defined 4294967295,  
_quadrangle_8 10 connected to _hexahedron_20 0, _hexahedron_20 1,  
_quadran...
The rest of the test output was removed since it exceeds the threshold of 1024 bytes.
</Value>
				</Measurement>
			</Results>
		</Test>
		<Test Status="passed">
			<Name>test_mesh_partitionate_scotch</Name>
			<Path>./test/test_mesh_utils/test_mesh_partitionate</Path>
			<FullName>./test/test_mesh_utils/test_mesh_partitionate/test_mesh_partitionate_scotch</FullName>
			<FullCommandLine>/home/jenkins/workspace/akantu-private-master-5327/cmake/akantu_test_driver.sh "-n" "test_mesh_partitionate_scotch" "-e" "./test_mesh_partitionate_scotch" "-E" "/home/jenkins/workspace/akantu-private-master-5327/build/akantu_environement.sh" "-w" "/home/jenkins/workspace/akantu-private-master-5327/build/test/test_mesh_utils/test_mesh_partitionate"</FullCommandLine>
			<Results>
				<NamedMeasurement type="numeric/double" name="Execution Time">
					<Value>0.810945</Value>
				</NamedMeasurement>
				<NamedMeasurement type="numeric/double" name="Processors">
					<Value>1</Value>
				</NamedMeasurement>
				<NamedMeasurement type="text/string" name="Completion Status">
					<Value>Completed</Value>
				</NamedMeasurement>
				<NamedMeasurement type="text/string" name="Command Line">
					<Value>/home/jenkins/workspace/akantu-private-master-5327/cmake/akantu_test_driver.sh "-n" "test_mesh_partitionate_scotch" "-e" "./test_mesh_partitionate_scotch" "-E" "/home/jenkins/workspace/akantu-private-master-5327/build/akantu_environement.sh" "-w" "/home/jenkins/workspace/akantu-private-master-5327/build/test/test_mesh_utils/test_mesh_partitionate"</Value>
				</NamedMeasurement>
				<Measurement>
					<Value>Entering directory /home/jenkins/workspace/akantu-private-master-5327/build/test/test_mesh_utils/test_mesh_partitionate
Executing the test test_mesh_partitionate_scotch
Run ./test_mesh_partitionate_scotch 
&lt;1479&gt;[R0|S1] {1547131906660809} ==&gt; getStaticCommunicator() (getStaticCommunicator(): /home/jenkins/workspace/akantu-private-master-5327/src/synchronizer/communicator.cc:79)
&lt;1479&gt;[R0|S1] {1547131906660809} &lt;== getStaticCommunicator() (getStaticCommunicator(): /home/jenkins/workspace/akantu-private-master-5327/src/synchronizer/communicator.cc:88)
&lt;1479&gt;[R0|S1] {1547131906660809} &lt;== GroupManager() (GroupManager(): /home/jenkins/workspace/akantu-private-master-5327/src/mesh/group_manager.cc:62)
&lt;1479&gt;[R0|S1] {1547131906660809} ==&gt; Mesh() (Mesh(): /home/jenkins/workspace/akantu-private-master-5327/src/mesh/mesh.cc:74)
&lt;1479&gt;[R0|S1] {1547131906660809} &lt;== Mesh() (Mesh(): /home/jenkins/workspace/akantu-private-master-5327/src/mesh/mesh.cc:76)
&lt;1479&gt;[R0|S1] {1547131906660809} ==&gt; Mesh() (Mesh(): /home/jenkins/w...
The rest of the test output was removed since it exceeds the threshold of 1024 bytes.
</Value>
				</Measurement>
			</Results>
		</Test>
		<Test Status="passed">
			<Name>test_mesh_partitionate_mesh_data</Name>
			<Path>./test/test_mesh_utils/test_mesh_partitionate</Path>
			<FullName>./test/test_mesh_utils/test_mesh_partitionate/test_mesh_partitionate_mesh_data</FullName>
			<FullCommandLine>/home/jenkins/workspace/akantu-private-master-5327/cmake/akantu_test_driver.sh "-n" "test_mesh_partitionate_mesh_data" "-e" "./test_mesh_partitionate_mesh_data" "-E" "/home/jenkins/workspace/akantu-private-master-5327/build/akantu_environement.sh" "-w" "/home/jenkins/workspace/akantu-private-master-5327/build/test/test_mesh_utils/test_mesh_partitionate"</FullCommandLine>
			<Results>
				<NamedMeasurement type="numeric/double" name="Execution Time">
					<Value>0.799429</Value>
				</NamedMeasurement>
				<NamedMeasurement type="numeric/double" name="Processors">
					<Value>1</Value>
				</NamedMeasurement>
				<NamedMeasurement type="text/string" name="Completion Status">
					<Value>Completed</Value>
				</NamedMeasurement>
				<NamedMeasurement type="text/string" name="Command Line">
					<Value>/home/jenkins/workspace/akantu-private-master-5327/cmake/akantu_test_driver.sh "-n" "test_mesh_partitionate_mesh_data" "-e" "./test_mesh_partitionate_mesh_data" "-E" "/home/jenkins/workspace/akantu-private-master-5327/build/akantu_environement.sh" "-w" "/home/jenkins/workspace/akantu-private-master-5327/build/test/test_mesh_utils/test_mesh_partitionate"</Value>
				</NamedMeasurement>
				<Measurement>
					<Value>Entering directory /home/jenkins/workspace/akantu-private-master-5327/build/test/test_mesh_utils/test_mesh_partitionate
Executing the test test_mesh_partitionate_mesh_data
Run ./test_mesh_partitionate_mesh_data 
*Assigned proc 0 to elem 0 (type _quadrangle_4, barycenter x-coordinate 0.025)
*Assigned proc 0 to elem 1 (type _quadrangle_4, barycenter x-coordinate 0.025)
*Assigned proc 0 to elem 2 (type _quadrangle_4, barycenter x-coordinate 0.025)
*Assigned proc 0 to elem 3 (type _quadrangle_4, barycenter x-coordinate 0.025)
*Assigned proc 0 to elem 4 (type _quadrangle_4, barycenter x-coordinate 0.025)
*Assigned proc 0 to elem 5 (type _quadrangle_4, barycenter x-coordinate 0.025)
*Assigned proc 0 to elem 6 (type _quadrangle_4, barycenter x-coordinate 0.025)
*Assigned proc 0 to elem 7 (type _quadrangle_4, barycenter x-coordinate 0.025)
*Assigned proc 0 to elem 8 (type _quadrangle_4, barycenter x-coordinate 0.025)
*Assigned proc 0 to elem 9 (type _quadrangle_4, barycenter x-coordinate 0.025)
*Assigned proc 0 to el...
The rest of the test output was removed since it exceeds the threshold of 1024 bytes.
</Value>
				</Measurement>
			</Results>
		</Test>
		<Test Status="passed">
			<Name>patch_test_linear_gtest</Name>
			<Path>./test/test_model/patch_tests</Path>
			<FullName>./test/test_model/patch_tests/patch_test_linear_gtest</FullName>
			<FullCommandLine>/home/jenkins/workspace/akantu-private-master-5327/cmake/akantu_test_driver.sh "-n" "patch_test_linear_gtest" "-e" "./patch_test_linear_gtest" "-E" "/home/jenkins/workspace/akantu-private-master-5327/build/akantu_environement.sh" "-w" "/home/jenkins/workspace/akantu-private-master-5327/build/test/test_model/patch_tests" "--" "--gtest_output=xml:/home/jenkins/workspace/akantu-private-master-5327/build/gtest_reports/patch_test_linear_gtest.xml"</FullCommandLine>
			<Results>
				<NamedMeasurement type="numeric/double" name="Execution Time">
					<Value>3.09331</Value>
				</NamedMeasurement>
				<NamedMeasurement type="numeric/double" name="Processors">
					<Value>1</Value>
				</NamedMeasurement>
				<NamedMeasurement type="text/string" name="Completion Status">
[...]
				</NamedMeasurement>
				<Measurement>
					<Value>Entering directory /home/jenkins/workspace/akantu-private-master-5327/build/test/test_io/test_dumper
Executing the test test_dumper
Run ./test_dumper 
&lt;3667&gt;[R0|S1] {1547134207166258} /!\ The field element_type is not registered in this Dumper. Nothing to do. (unRegisterField(): /home/jenkins/workspace/akantu-private-master-5327/src/io/dumper/dumper_iohelper.cc:174)
&lt;3667&gt;[R0|S1] {1547134207167258} /!\ The field element_type is not registered in this Dumper. Nothing to do. (unRegisterField(): /home/jenkins/workspace/akantu-private-master-5327/src/io/dumper/dumper_iohelper.cc:174)
</Value>
				</Measurement>
			</Results>
		</Test>
		<Test Status="passed">
			<Name>test_dof_synchronizer_4</Name>
			<Path>./test/test_synchronizer</Path>
			<FullName>./test/test_synchronizer/test_dof_synchronizer_4</FullName>
			<FullCommandLine>/home/jenkins/workspace/akantu-private-master-5327/cmake/akantu_test_driver.sh "-n" "test_dof_synchronizer" "-e" "./test_dof_synchronizer" "-E" "/home/jenkins/workspace/akantu-private-master-5327/build/akantu_environement.sh" "-p" "/usr/bin/mpiexec  -n" "-w" "/home/jenkins/workspace/akantu-private-master-5327/build/test/test_synchronizer" "-N" "4"</FullCommandLine>
			<Results>
				<NamedMeasurement type="numeric/double" name="Execution Time">
					<Value>0.813447</Value>
				</NamedMeasurement>
				<NamedMeasurement type="numeric/double" name="Processors">
					<Value>4</Value>
				</NamedMeasurement>
				<NamedMeasurement type="text/string" name="Completion Status">
					<Value>Completed</Value>
				</NamedMeasurement>
				<NamedMeasurement type="text/string" name="Command Line">
					<Value>/home/jenkins/workspace/akantu-private-master-5327/cmake/akantu_test_driver.sh "-n" "test_dof_synchronizer" "-e" "./test_dof_synchronizer" "-E" "/home/jenkins/workspace/akantu-private-master-5327/build/akantu_environement.sh" "-p" "/usr/bin/mpiexec  -n" "-w" "/home/jenkins/workspace/akantu-private-master-5327/build/test/test_synchronizer" "-N" "4"</Value>
				</NamedMeasurement>
				<Measurement>
					<Value>Entering directory /home/jenkins/workspace/akantu-private-master-5327/build/test/test_synchronizer
Executing the test test_dof_synchronizer for 4 procs
Run /usr/bin/mpiexec  -n  4 ./test_dof_synchronizer 
Synchronizing a dof vector
Synchronizing a dof vector
Synchronizing a dof vector
Synchronizing a dof vector
</Value>
				</Measurement>
			</Results>
		</Test>
		<Test Status="passed">
			<Name>test_dof_synchronizer_2</Name>
			<Path>./test/test_synchronizer</Path>
			<FullName>./test/test_synchronizer/test_dof_synchronizer_2</FullName>
			<FullCommandLine>/home/jenkins/workspace/akantu-private-master-5327/cmake/akantu_test_driver.sh "-n" "test_dof_synchronizer" "-e" "./test_dof_synchronizer" "-E" "/home/jenkins/workspace/akantu-private-master-5327/build/akantu_environement.sh" "-p" "/usr/bin/mpiexec  -n" "-w" "/home/jenkins/workspace/akantu-private-master-5327/build/test/test_synchronizer" "-N" "2"</FullCommandLine>
			<Results>
				<NamedMeasurement type="numeric/double" name="Execution Time">
					<Value>0.80606</Value>
				</NamedMeasurement>
				<NamedMeasurement type="numeric/double" name="Processors">
					<Value>2</Value>
				</NamedMeasurement>
				<NamedMeasurement type="text/string" name="Completion Status">
					<Value>Completed</Value>
				</NamedMeasurement>
				<NamedMeasurement type="text/string" name="Command Line">
					<Value>/home/jenkins/workspace/akantu-private-master-5327/cmake/akantu_test_driver.sh "-n" "test_dof_synchronizer" "-e" "./test_dof_synchronizer" "-E" "/home/jenkins/workspace/akantu-private-master-5327/build/akantu_environement.sh" "-p" "/usr/bin/mpiexec  -n" "-w" "/home/jenkins/workspace/akantu-private-master-5327/build/test/test_synchronizer" "-N" "2"</Value>
				</NamedMeasurement>
				<Measurement>
					<Value>Entering directory /home/jenkins/workspace/akantu-private-master-5327/build/test/test_synchronizer
Executing the test test_dof_synchronizer for 2 procs
Run /usr/bin/mpiexec  -n  2 ./test_dof_synchronizer 
Synchronizing a dof vector
Synchronizing a dof vector
</Value>
				</Measurement>
			</Results>
		</Test>
		<Test Status="passed">
			<Name>test_dof_synchronizer_1</Name>
			<Path>./test/test_synchronizer</Path>
			<FullName>./test/test_synchronizer/test_dof_synchronizer_1</FullName>
			<FullCommandLine>/home/jenkins/workspace/akantu-private-master-5327/cmake/akantu_test_driver.sh "-n" "test_dof_synchronizer" "-e" "./test_dof_synchronizer" "-E" "/home/jenkins/workspace/akantu-private-master-5327/build/akantu_environement.sh" "-p" "/usr/bin/mpiexec  -n" "-w" "/home/jenkins/workspace/akantu-private-master-5327/build/test/test_synchronizer" "-N" "1"</FullCommandLine>
			<Results>
				<NamedMeasurement type="numeric/double" name="Execution Time">
					<Value>0.801732</Value>
				</NamedMeasurement>
				<NamedMeasurement type="numeric/double" name="Processors">
					<Value>1</Value>
				</NamedMeasurement>
				<NamedMeasurement type="text/string" name="Completion Status">
					<Value>Completed</Value>
				</NamedMeasurement>
				<NamedMeasurement type="text/string" name="Command Line">
					<Value>/home/jenkins/workspace/akantu-private-master-5327/cmake/akantu_test_driver.sh "-n" "test_dof_synchronizer" "-e" "./test_dof_synchronizer" "-E" "/home/jenkins/workspace/akantu-private-master-5327/build/akantu_environement.sh" "-p" "/usr/bin/mpiexec  -n" "-w" "/home/jenkins/workspace/akantu-private-master-5327/build/test/test_synchronizer" "-N" "1"</Value>
				</NamedMeasurement>
				<Measurement>
					<Value>Entering directory /home/jenkins/workspace/akantu-private-master-5327/build/test/test_synchronizer
Executing the test test_dof_synchronizer for 1 procs
Run /usr/bin/mpiexec  -n  1 ./test_dof_synchronizer 
Synchronizing a dof vector
</Value>
				</Measurement>
			</Results>
		</Test>
		<Test Status="passed">
			<Name>test_synchronizers_gtest_4</Name>
			<Path>./test/test_synchronizer</Path>
			<FullName>./test/test_synchronizer/test_synchronizers_gtest_4</FullName>
			<FullCommandLine>/home/jenkins/workspace/akantu-private-master-5327/cmake/akantu_test_driver.sh "-n" "test_synchronizers_gtest" "-e" "./test_synchronizers_gtest" "-E" "/home/jenkins/workspace/akantu-private-master-5327/build/akantu_environement.sh" "-p" "/usr/bin/mpiexec  -n" "-w" "/home/jenkins/workspace/akantu-private-master-5327/build/test/test_synchronizer" "-N" "4" "--" "--gtest_output=xml:/home/jenkins/workspace/akantu-private-master-5327/build/gtest_reports/test_synchronizers_gtest.xml"</FullCommandLine>
			<Results>
				<NamedMeasurement type="numeric/double" name="Execution Time">
					<Value>6.67373</Value>
				</NamedMeasurement>
				<NamedMeasurement type="numeric/double" name="Processors">
					<Value>4</Value>
				</NamedMeasurement>
				<NamedMeasurement type="text/string" name="Completion Status">
					<Value>Completed</Value>
				</NamedMeasurement>
				<NamedMeasurement type="text/string" name="Command Line">
					<Value>/home/jenkins/workspace/akantu-private-master-5327/cmake/akantu_test_driver.sh "-n" "test_synchronizers_gtest" "-e" "./test_synchronizers_gtest" "-E" "/home/jenkins/workspace/akantu-private-master-5327/build/akantu_environement.sh" "-p" "/usr/bin/mpiexec  -n" "-w" "/home/jenkins/workspace/akantu-private-master-5327/build/test/test_synchronizer" "-N" "4" "--" "--gtest_output=xml:/home/jenkins/workspace/akantu-private-master-5327/build/gtest_reports/test_synchronizers_gtest.xml"</Value>
				</NamedMeasurement>
				<Measurement>
					<Value>Entering directory /home/jenkins/workspace/akantu-private-master-5327/build/test/test_synchronizer
Executing the test test_synchronizers_gtest for 4 procs
Run /usr/bin/mpiexec  -n  4 ./test_synchronizers_gtest --gtest_output=xml:/home/jenkins/workspace/akantu-private-master-5327/build/gtest_reports/test_synchronizers_gtest.xml
[==========] Running 11 tests from 4 test cases.
[----------] Global test environment set-up.
[----------] 3 tests from TestElementSynchronizerFixture
[ RUN      ] TestElementSynchronizerFixture.SynchroneOnce
[       OK ] TestElementSynchronizerFixture.SynchroneOnce (296 ms)
[ RUN      ] TestElementSynchronizerFixture.Synchrone
[       OK ] TestElementSynchronizerFixture.Synchrone (286 ms)
[ RUN      ] TestElementSynchronizerFixture.Asynchrone
[       OK ] TestElementSynchronizerFixture.Asynchrone (309 ms)
[----------] 3 tests from TestElementSynchronizerFixture (892 ms total)

[----------] 3 tests from TestNodeSynchronizerFixture
[ RUN      ] TestNodeSynchronizerFixture.SynchroneOnce
[...
The rest of the test output was removed since it exceeds the threshold of 1024 bytes.
</Value>
				</Measurement>
			</Results>
		</Test>
		<Test Status="passed">
			<Name>test_synchronizers_gtest_2</Name>
			<Path>./test/test_synchronizer</Path>
			<FullName>./test/test_synchronizer/test_synchronizers_gtest_2</FullName>
			<FullCommandLine>/home/jenkins/workspace/akantu-private-master-5327/cmake/akantu_test_driver.sh "-n" "test_synchronizers_gtest" "-e" "./test_synchronizers_gtest" "-E" "/home/jenkins/workspace/akantu-private-master-5327/build/akantu_environement.sh" "-p" "/usr/bin/mpiexec  -n" "-w" "/home/jenkins/workspace/akantu-private-master-5327/build/test/test_synchronizer" "-N" "2" "--" "--gtest_output=xml:/home/jenkins/workspace/akantu-private-master-5327/build/gtest_reports/test_synchronizers_gtest.xml"</FullCommandLine>
			<Results>
				<NamedMeasurement type="numeric/double" name="Execution Time">
					<Value>8.1844</Value>
				</NamedMeasurement>
				<NamedMeasurement type="numeric/double" name="Processors">
					<Value>2</Value>
				</NamedMeasurement>
				<NamedMeasurement type="text/string" name="Completion Status">
					<Value>Completed</Value>
				</NamedMeasurement>
				<NamedMeasurement type="text/string" name="Command Line">
					<Value>/home/jenkins/workspace/akantu-private-master-5327/cmake/akantu_test_driver.sh "-n" "test_synchronizers_gtest" "-e" "./test_synchronizers_gtest" "-E" "/home/jenkins/workspace/akantu-private-master-5327/build/akantu_environement.sh" "-p" "/usr/bin/mpiexec  -n" "-w" "/home/jenkins/workspace/akantu-private-master-5327/build/test/test_synchronizer" "-N" "2" "--" "--gtest_output=xml:/home/jenkins/workspace/akantu-private-master-5327/build/gtest_reports/test_synchronizers_gtest.xml"</Value>
				</NamedMeasurement>
				<Measurement>
					<Value>Entering directory /home/jenkins/workspace/akantu-private-master-5327/build/test/test_synchronizer
Executing the test test_synchronizers_gtest for 2 procs
Run /usr/bin/mpiexec  -n  2 ./test_synchronizers_gtest --gtest_output=xml:/home/jenkins/workspace/akantu-private-master-5327/build/gtest_reports/test_synchronizers_gtest.xml
[==========] Running 11 tests from 4 test cases.
[----------] Global test environment set-up.
[----------] 3 tests from TestElementSynchronizerFixture
[ RUN      ] TestElementSynchronizerFixture.SynchroneOnce
[       OK ] TestElementSynchronizerFixture.SynchroneOnce (306 ms)
[ RUN      ] TestElementSynchronizerFixture.Synchrone
[       OK ] TestElementSynchronizerFixture.Synchrone (297 ms)
[ RUN      ] TestElementSynchronizerFixture.Asynchrone
[       OK ] TestElementSynchronizerFixture.Asynchrone (304 ms)
[----------] 3 tests from TestElementSynchronizerFixture (907 ms total)

[----------] 3 tests from TestNodeSynchronizerFixture
[ RUN      ] TestNodeSynchronizerFixture.SynchroneOnce
[...
The rest of the test output was removed since it exceeds the threshold of 1024 bytes.
</Value>
				</Measurement>
			</Results>
		</Test>
		<Test Status="passed">
			<Name>test_synchronizers_gtest_1</Name>
			<Path>./test/test_synchronizer</Path>
			<FullName>./test/test_synchronizer/test_synchronizers_gtest_1</FullName>
			<FullCommandLine>/home/jenkins/workspace/akantu-private-master-5327/cmake/akantu_test_driver.sh "-n" "test_synchronizers_gtest" "-e" "./test_synchronizers_gtest" "-E" "/home/jenkins/workspace/akantu-private-master-5327/build/akantu_environement.sh" "-p" "/usr/bin/mpiexec  -n" "-w" "/home/jenkins/workspace/akantu-private-master-5327/build/test/test_synchronizer" "-N" "1" "--" "--gtest_output=xml:/home/jenkins/workspace/akantu-private-master-5327/build/gtest_reports/test_synchronizers_gtest.xml"</FullCommandLine>
			<Results>
				<NamedMeasurement type="numeric/double" name="Execution Time">
					<Value>9.47447</Value>
				</NamedMeasurement>
				<NamedMeasurement type="numeric/double" name="Processors">
					<Value>1</Value>
				</NamedMeasurement>
				<NamedMeasurement type="text/string" name="Completion Status">
					<Value>Completed</Value>
				</NamedMeasurement>
				<NamedMeasurement type="text/string" name="Command Line">
					<Value>/home/jenkins/workspace/akantu-private-master-5327/cmake/akantu_test_driver.sh "-n" "test_synchronizers_gtest" "-e" "./test_synchronizers_gtest" "-E" "/home/jenkins/workspace/akantu-private-master-5327/build/akantu_environement.sh" "-p" "/usr/bin/mpiexec  -n" "-w" "/home/jenkins/workspace/akantu-private-master-5327/build/test/test_synchronizer" "-N" "1" "--" "--gtest_output=xml:/home/jenkins/workspace/akantu-private-master-5327/build/gtest_reports/test_synchronizers_gtest.xml"</Value>
				</NamedMeasurement>
				<Measurement>
					<Value>Entering directory /home/jenkins/workspace/akantu-private-master-5327/build/test/test_synchronizer
Executing the test test_synchronizers_gtest for 1 procs
Run /usr/bin/mpiexec  -n  1 ./test_synchronizers_gtest --gtest_output=xml:/home/jenkins/workspace/akantu-private-master-5327/build/gtest_reports/test_synchronizers_gtest.xml
[==========] Running 11 tests from 4 test cases.
[----------] Global test environment set-up.
[----------] 3 tests from TestElementSynchronizerFixture
[ RUN      ] TestElementSynchronizerFixture.SynchroneOnce
[       OK ] TestElementSynchronizerFixture.SynchroneOnce (133 ms)
[ RUN      ] TestElementSynchronizerFixture.Synchrone
[       OK ] TestElementSynchronizerFixture.Synchrone (128 ms)
[ RUN      ] TestElementSynchronizerFixture.Asynchrone
[       OK ] TestElementSynchronizerFixture.Asynchrone (128 ms)
[----------] 3 tests from TestElementSynchronizerFixture (389 ms total)

[----------] 3 tests from TestNodeSynchronizerFixture
[ RUN      ] TestNodeSynchronizerFixture.SynchroneOnce
[...
The rest of the test output was removed since it exceeds the threshold of 1024 bytes.
</Value>
				</Measurement>
			</Results>
		</Test>
		<Test Status="passed">
			<Name>test_multiple_init</Name>
			<Path>./test/test_python_interface</Path>
			<FullName>./test/test_python_interface/test_multiple_init</FullName>
			<FullCommandLine>/home/jenkins/workspace/akantu-private-master-5327/cmake/akantu_test_driver.sh "-n" "test_multiple_init" "-e" "/usr/bin/python3" "-E" "/home/jenkins/workspace/akantu-private-master-5327/build/akantu_environement.sh" "-w" "/home/jenkins/workspace/akantu-private-master-5327/build/test/test_python_interface" "test_multiple_init.py"</FullCommandLine>
			<Results>
				<NamedMeasurement type="numeric/double" name="Execution Time">
					<Value>1.07993</Value>
				</NamedMeasurement>
				<NamedMeasurement type="numeric/double" name="Processors">
					<Value>1</Value>
				</NamedMeasurement>
				<NamedMeasurement type="text/string" name="Completion Status">
					<Value>Completed</Value>
				</NamedMeasurement>
				<NamedMeasurement type="text/string" name="Command Line">
					<Value>/home/jenkins/workspace/akantu-private-master-5327/cmake/akantu_test_driver.sh "-n" "test_multiple_init" "-e" "/usr/bin/python3" "-E" "/home/jenkins/workspace/akantu-private-master-5327/build/akantu_environement.sh" "-w" "/home/jenkins/workspace/akantu-private-master-5327/build/test/test_python_interface" "test_multiple_init.py"</Value>
				</NamedMeasurement>
				<Measurement>
					<Value>Entering directory /home/jenkins/workspace/akantu-private-master-5327/build/test/test_python_interface
Executing the test test_multiple_init
Run /usr/bin/python3 test_multiple_init.py
First initialisation
Second initialisation
All right
</Value>
				</Measurement>
			</Results>
		</Test>
		<Test Status="passed">
			<Name>test_mesh_interface</Name>
			<Path>./test/test_python_interface</Path>
			<FullName>./test/test_python_interface/test_mesh_interface</FullName>
			<FullCommandLine>/home/jenkins/workspace/akantu-private-master-5327/cmake/akantu_test_driver.sh "-n" "test_mesh_interface" "-e" "/usr/bin/python3" "-E" "/home/jenkins/workspace/akantu-private-master-5327/build/akantu_environement.sh" "-w" "/home/jenkins/workspace/akantu-private-master-5327/build/test/test_python_interface" "test_mesh_interface.py"</FullCommandLine>
			<Results>
				<NamedMeasurement type="numeric/double" name="Execution Time">
					<Value>1.03929</Value>
				</NamedMeasurement>
				<NamedMeasurement type="numeric/double" name="Processors">
					<Value>1</Value>
				</NamedMeasurement>
				<NamedMeasurement type="text/string" name="Completion Status">
					<Value>Completed</Value>
				</NamedMeasurement>
				<NamedMeasurement type="text/string" name="Command Line">
					<Value>/home/jenkins/workspace/akantu-private-master-5327/cmake/akantu_test_driver.sh "-n" "test_mesh_interface" "-e" "/usr/bin/python3" "-E" "/home/jenkins/workspace/akantu-private-master-5327/build/akantu_environement.sh" "-w" "/home/jenkins/workspace/akantu-private-master-5327/build/test/test_python_interface" "test_mesh_interface.py"</Value>
				</NamedMeasurement>
				<Measurement>
					<Value>Entering directory /home/jenkins/workspace/akantu-private-master-5327/build/test/test_python_interface
Executing the test test_mesh_interface
Run /usr/bin/python3 test_mesh_interface.py
</Value>
				</Measurement>
			</Results>
		</Test>
		<Test Status="passed">
			<Name>test_boundary_condition_functors</Name>
			<Path>./test/test_python_interface</Path>
			<FullName>./test/test_python_interface/test_boundary_condition_functors</FullName>
			<FullCommandLine>/home/jenkins/workspace/akantu-private-master-5327/cmake/akantu_test_driver.sh "-n" "test_boundary_condition_functors" "-e" "/usr/bin/python3" "-E" "/home/jenkins/workspace/akantu-private-master-5327/build/akantu_environement.sh" "-w" "/home/jenkins/workspace/akantu-private-master-5327/build/test/test_python_interface" "test_boundary_condition_functors.py"</FullCommandLine>
			<Results>
				<NamedMeasurement type="numeric/double" name="Execution Time">
					<Value>1.04731</Value>
				</NamedMeasurement>
				<NamedMeasurement type="numeric/double" name="Processors">
					<Value>1</Value>
				</NamedMeasurement>
				<NamedMeasurement type="text/string" name="Completion Status">
					<Value>Completed</Value>
				</NamedMeasurement>
				<NamedMeasurement type="text/string" name="Command Line">
					<Value>/home/jenkins/workspace/akantu-private-master-5327/cmake/akantu_test_driver.sh "-n" "test_boundary_condition_functors" "-e" "/usr/bin/python3" "-E" "/home/jenkins/workspace/akantu-private-master-5327/build/akantu_environement.sh" "-w" "/home/jenkins/workspace/akantu-private-master-5327/build/test/test_python_interface" "test_boundary_condition_functors.py"</Value>
				</NamedMeasurement>
				<Measurement>
					<Value>Entering directory /home/jenkins/workspace/akantu-private-master-5327/build/test/test_python_interface
Executing the test test_boundary_condition_functors
Run /usr/bin/python3 test_boundary_condition_functors.py
&lt;3837&gt;[R0|S1] {1547134237081876} /!\ getForce was maintained for backward compatibility, use getExternalForce instead (getForce(): /home/jenkins/workspace/akantu-private-master-5327/src/model/solid_mechanics/solid_mechanics_model.hh:392)
</Value>
				</Measurement>
			</Results>
		</Test>
		<EndDateTime>Jan 10 15:30 UTC</EndDateTime>
		<EndTestTime>1547134237</EndTestTime>
		<ElapsedMinutes>39</ElapsedMinutes>
	</Testing>
</Site>
